[0.082s] Invoking command in '/home/seds/Desktop/TERRANCE/Terrance/build/cpp_stepper_controller': CMAKE_PREFIX_PATH=${CMAKE_PREFIX_PATH}:/home/seds/Desktop/TERRANCE/Terrance/install/py_publisher:/opt/ros/iron /usr/bin/cmake --build /home/seds/Desktop/TERRANCE/Terrance/build/cpp_stepper_controller -- -j4 -l4
[0.323s] [ 20%] [32mBuilding CXX object CMakeFiles/cpp_stepper_controller.dir/src/Controller.cpp.o[0m
[0.326s] [ 40%] [32mBuilding CXX object CMakeFiles/cpp_stepper_controller.dir/src/cpp_stepper_controller.cpp.o[0m
[0.346s] [ 60%] [32mBuilding CXX object CMakeFiles/cpp_stepper_controller.dir/src/listener.cpp.o[0m
[0.385s] [01m[K/home/seds/Desktop/TERRANCE/Terrance/src/cpp_stepper_controller/src/Controller.cpp:1:10:[m[K [01;31m[Kfatal error: [m[Krclcpp/rclcpp.hpp: No such file or directory
[0.386s]     1 | #include [01;31m[K"rclcpp/rclcpp.hpp"[m[K
[0.386s]       |          [01;31m[K^~~~~~~~~~~~~~~~~~~[m[K
[0.387s] compilation terminated.
[0.394s] gmake[2]: *** [CMakeFiles/cpp_stepper_controller.dir/build.make:76: CMakeFiles/cpp_stepper_controller.dir/src/Controller.cpp.o] Error 1
[0.395s] gmake[2]: *** Waiting for unfinished jobs....
[0.402s] [01m[K/home/seds/Desktop/TERRANCE/Terrance/src/cpp_stepper_controller/src/listener.cpp:3:10:[m[K [01;31m[Kfatal error: [m[Klistener.hpp: No such file or directory
[0.403s]     3 | #include [01;31m[K"listener.hpp"[m[K
[0.403s]       |          [01;31m[K^~~~~~~~~~~~~~[m[K
[0.404s] compilation terminated.
[0.406s] gmake[2]: *** [CMakeFiles/cpp_stepper_controller.dir/build.make:118: CMakeFiles/cpp_stepper_controller.dir/src/listener.cpp.o] Error 1
[0.473s] [01m[K/home/seds/Desktop/TERRANCE/Terrance/src/cpp_stepper_controller/src/cpp_stepper_controller.cpp:[m[K In function â€˜[01m[Kint main(int, char**)[m[Kâ€™:
[0.474s] [01m[K/home/seds/Desktop/TERRANCE/Terrance/src/cpp_stepper_controller/src/cpp_stepper_controller.cpp:27:21:[m[K [01;31m[Kerror: [m[Kuse of â€˜[01m[Kcontroller[m[Kâ€™ before deduction of â€˜[01m[Kauto[m[Kâ€™
[0.474s]    27 |   auto controller = [01;31m[Kcontroller[m[K();
[0.475s]       |                     [01;31m[K^~~~~~~~~~[m[K
[0.482s] [01m[K/home/seds/Desktop/TERRANCE/Terrance/src/cpp_stepper_controller/src/cpp_stepper_controller.cpp:30:16:[m[K [01;31m[Kerror: [m[Kâ€˜[01m[KcontrollerSubscriber[m[Kâ€™ was not declared in this scope
[0.482s]    30 |   controller = [01;31m[KcontrollerSubscriber[m[K();
[0.483s]       |                [01;31m[K^~~~~~~~~~~~~~~~~~~~[m[K
[0.489s] gmake[2]: *** [CMakeFiles/cpp_stepper_controller.dir/build.make:104: CMakeFiles/cpp_stepper_controller.dir/src/cpp_stepper_controller.cpp.o] Error 1
[0.489s] gmake[1]: *** [CMakeFiles/Makefile2:137: CMakeFiles/cpp_stepper_controller.dir/all] Error 2
[0.490s] gmake: *** [Makefile:146: all] Error 2
[1.418s] Invoked command in '/home/seds/Desktop/TERRANCE/Terrance/build/cpp_stepper_controller' returned '2': CMAKE_PREFIX_PATH=${CMAKE_PREFIX_PATH}:/home/seds/Desktop/TERRANCE/Terrance/install/py_publisher:/opt/ros/iron /usr/bin/cmake --build /home/seds/Desktop/TERRANCE/Terrance/build/cpp_stepper_controller -- -j4 -l4
