[0.046s] Invoking command in '/home/seds/Desktop/TERRANCE/Terrance/build/cpp_stepper_controller': /usr/bin/cmake --build /home/seds/Desktop/TERRANCE/Terrance/build/cpp_stepper_controller -- -j4 -l4
[0.136s] -- Found ament_cmake: 2.0.5 (/opt/ros/iron/share/ament_cmake/cmake)
[0.793s] Traceback (most recent call last):
[0.795s]   File "/opt/ros/iron/share/ament_cmake_core/cmake/package_templates/templates_2_cmake.py", line 21, in <module>
[0.796s]     from ament_package.templates import get_environment_hook_template_path
[0.797s] ModuleNotFoundError: No module named 'ament_package'
[0.860s] [31mCMake Error at /opt/ros/iron/share/ament_cmake_core/cmake/ament_cmake_package_templates-extras.cmake:41 (message):
[0.860s]   execute_process(/usr/bin/python3.10
[0.861s]   /opt/ros/iron/share/ament_cmake_core/cmake/package_templates/templates_2_cmake.py
[0.861s]   /home/seds/Desktop/TERRANCE/Terrance/build/cpp_stepper_controller/ament_cmake_package_templates/templates.cmake)
[0.861s]   returned error code 1
[0.862s] Call Stack (most recent call first):
[0.862s]   /opt/ros/iron/share/ament_cmake_core/cmake/ament_cmake_coreConfig.cmake:41 (include)
[0.862s]   /opt/ros/iron/share/ament_cmake/cmake/ament_cmake_export_dependencies-extras.cmake:15 (find_package)
[0.863s]   /opt/ros/iron/share/ament_cmake/cmake/ament_cmakeConfig.cmake:41 (include)
[0.863s]   CMakeLists.txt:12 (find_package)
[0.864s] 
[0.865s] [0m
[0.865s] -- Configuring incomplete, errors occurred!
[0.865s] See also "/home/seds/Desktop/TERRANCE/Terrance/build/cpp_stepper_controller/CMakeFiles/CMakeOutput.log".
[0.870s] gmake: *** [Makefile:294: cmake_check_build_system] Error 1
[0.876s] Invoked command in '/home/seds/Desktop/TERRANCE/Terrance/build/cpp_stepper_controller' returned '2': /usr/bin/cmake --build /home/seds/Desktop/TERRANCE/Terrance/build/cpp_stepper_controller -- -j4 -l4
