[0.087s] Invoking command in '/home/seds/Desktop/TERRANCE/Terrance/build/cpp_stepper_controller': CMAKE_PREFIX_PATH=${CMAKE_PREFIX_PATH}:/home/seds/Desktop/TERRANCE/Terrance/install/py_publisher:/opt/ros/iron /usr/bin/cmake /home/seds/Desktop/TERRANCE/Terrance/src/cpp_stepper_controller -DCMAKE_INSTALL_PREFIX=/home/seds/Desktop/TERRANCE/Terrance/install/cpp_stepper_controller
[0.375s] -- The C compiler identification is GNU 11.4.0
[0.649s] -- The CXX compiler identification is GNU 11.4.0
[0.678s] -- Detecting C compiler ABI info
[1.011s] -- Detecting C compiler ABI info - done
[1.043s] -- Check for working C compiler: /usr/bin/cc - skipped
[1.043s] -- Detecting C compile features
[1.043s] -- Detecting C compile features - done
[1.054s] -- Detecting CXX compiler ABI info
[1.425s] -- Detecting CXX compiler ABI info - done
[1.454s] -- Check for working CXX compiler: /usr/bin/c++ - skipped
[1.454s] -- Detecting CXX compile features
[1.455s] -- Detecting CXX compile features - done
[1.482s] -- Found ament_cmake: 2.0.5 (/opt/ros/iron/share/ament_cmake/cmake)
[2.450s] -- Found Python3: /usr/bin/python3.10 (found version "3.10.12") found components: Interpreter 
[3.084s] -- Found rclcpp: 21.0.6 (/opt/ros/iron/share/rclcpp/cmake)
[3.510s] -- Found rosidl_generator_c: 4.0.1 (/opt/ros/iron/share/rosidl_generator_c/cmake)
[3.612s] -- Found rosidl_generator_cpp: 4.0.1 (/opt/ros/iron/share/rosidl_generator_cpp/cmake)
[3.736s] -- Using all available rosidl_typesupport_c: rosidl_typesupport_fastrtps_c;rosidl_typesupport_introspection_c
[3.875s] -- Using all available rosidl_typesupport_cpp: rosidl_typesupport_fastrtps_cpp;rosidl_typesupport_introspection_cpp
[4.710s] -- Found rmw_implementation_cmake: 7.1.0 (/opt/ros/iron/share/rmw_implementation_cmake/cmake)
[4.737s] -- Found rmw_fastrtps_cpp: 7.1.3 (/opt/ros/iron/share/rmw_fastrtps_cpp/cmake)
[5.466s] -- Found OpenSSL: /usr/lib/aarch64-linux-gnu/libcrypto.so (found version "3.0.2")  
[5.726s] -- Found FastRTPS: /opt/ros/iron/include  
[6.154s] -- Using RMW implementation 'rmw_fastrtps_cpp' as default
[6.896s] -- Found rclcpp_components: 21.0.6 (/opt/ros/iron/share/rclcpp_components/cmake)
[7.395s] -- Found std_msgs: 5.0.0 (/opt/ros/iron/share/std_msgs/cmake)
[7.542s] -- Found ament_lint_auto: 0.14.3 (/opt/ros/iron/share/ament_lint_auto/cmake)
[7.999s] -- Added test 'cppcheck' to perform static code analysis on C / C++ code
[8.000s] -- Configured cppcheck include dirs: $<BUILD_INTERFACE:/home/seds/Desktop/TERRANCE/Terrance/src/cpp_stepper_controller/include>
[8.000s] -- Configured cppcheck exclude dirs and/or files: 
[8.005s] -- Added test 'lint_cmake' to check CMake code style
[8.014s] -- Added test 'uncrustify' to check C / C++ code style
[8.015s] -- Configured uncrustify additional arguments: 
[8.017s] -- Added test 'xmllint' to check XML markup files
[8.023s] -- Configuring done
[8.092s] -- Generating done
[8.101s] -- Build files have been written to: /home/seds/Desktop/TERRANCE/Terrance/build/cpp_stepper_controller
[8.138s] Invoked command in '/home/seds/Desktop/TERRANCE/Terrance/build/cpp_stepper_controller' returned '0': CMAKE_PREFIX_PATH=${CMAKE_PREFIX_PATH}:/home/seds/Desktop/TERRANCE/Terrance/install/py_publisher:/opt/ros/iron /usr/bin/cmake /home/seds/Desktop/TERRANCE/Terrance/src/cpp_stepper_controller -DCMAKE_INSTALL_PREFIX=/home/seds/Desktop/TERRANCE/Terrance/install/cpp_stepper_controller
[8.150s] Invoking command in '/home/seds/Desktop/TERRANCE/Terrance/build/cpp_stepper_controller': CMAKE_PREFIX_PATH=${CMAKE_PREFIX_PATH}:/home/seds/Desktop/TERRANCE/Terrance/install/py_publisher:/opt/ros/iron /usr/bin/cmake --build /home/seds/Desktop/TERRANCE/Terrance/build/cpp_stepper_controller -- -j4 -l4
[8.321s] [35m[1mConsolidate compiler generated dependencies of target cpp_stepper_controller[0m
[8.426s] [ 25%] [32mBuilding CXX object CMakeFiles/cpp_stepper_controller.dir/src/Controller.cpp.o[0m
[8.430s] [ 50%] [32mBuilding CXX object CMakeFiles/cpp_stepper_controller.dir/src/cpp_stepper_controller.cpp.o[0m
[19.500s] [01m[K/home/seds/Desktop/TERRANCE/Terrance/src/cpp_stepper_controller/src/cpp_stepper_controller.cpp:54:2:[m[K [01;31m[Kerror: [m[Kexpected â€˜[01m[K}[m[Kâ€™ at end of input
[19.501s]    54 | }
[19.501s]       |  [01;31m[K^[m[K
[19.502s] In file included from [01m[K/home/seds/Desktop/TERRANCE/Terrance/src/cpp_stepper_controller/src/cpp_stepper_controller.cpp:9[m[K:
[19.502s] [01m[K/home/seds/Desktop/TERRANCE/Terrance/src/cpp_stepper_controller/include/Controller.hpp:4:50:[m[K [01;36m[Knote: [m[Kto match this â€˜[01m[K{[m[Kâ€™
[19.503s]     4 | class controllerSubscriber : public rclcpp::Node [01;36m[K{[m[K
[19.503s]       |                                                  [01;36m[K^[m[K
[19.524s] [01m[K/home/seds/Desktop/TERRANCE/Terrance/src/cpp_stepper_controller/include/Controller.hpp:[m[K In constructor â€˜[01m[KcontrollerSubscriber::controllerSubscriber()[m[Kâ€™:
[19.525s] [01m[K/home/seds/Desktop/TERRANCE/Terrance/src/cpp_stepper_controller/include/Controller.hpp:7:5:[m[K [01;31m[Kerror: [m[Kâ€˜[01m[Ksub_[m[Kâ€™ was not declared in this scope
[19.525s]     7 |     [01;31m[Ksub_[m[K = this->create_subscription<std_msgs::msg::String(
[19.526s]       |     [01;31m[K^~~~[m[K
[19.527s] [01m[K/home/seds/Desktop/TERRANCE/Terrance/src/cpp_stepper_controller/include/Controller.hpp:8:50:[m[K [01;31m[Kerror: [m[Kâ€˜[01m[KcallbackFun[m[Kâ€™ is not a member of â€˜[01m[KcontrollerSubscriber[m[Kâ€™
[19.527s]     8 |     "data", 10, std::bind(&controllerSubscriber::[01;31m[KcallbackFun[m[K, this, _1));
[19.528s]       |                                                  [01;31m[K^~~~~~~~~~~[m[K
[19.528s] [01m[K/home/seds/Desktop/TERRANCE/Terrance/src/cpp_stepper_controller/include/Controller.hpp:8:69:[m[K [01;31m[Kerror: [m[Kâ€˜[01m[K_1[m[Kâ€™ was not declared in this scope; did you mean â€˜[01m[Kstd::placeholders::_1[m[Kâ€™?
[19.528s]     8 |     "data", 10, std::bind(&controllerSubscriber::callbackFun, this, [01;31m[K_1[m[K));
[19.529s]       |                                                                     [01;31m[K^~[m[K
[19.529s]       |                                                                     [32m[Kstd::placeholders::_1[m[K
[19.530s] In file included from [01m[K/usr/include/c++/11/pstl/glue_algorithm_defs.h:13[m[K,
[19.530s]                  from [01m[K/usr/include/c++/11/algorithm:74[m[K,
[19.530s]                  from [01m[K/opt/ros/iron/include/rclcpp/rclcpp/executor.hpp:18[m[K,
[19.531s]                  from [01m[K/opt/ros/iron/include/rclcpp/rclcpp/executors/multi_threaded_executor.hpp:25[m[K,
[19.531s]                  from [01m[K/opt/ros/iron/include/rclcpp/rclcpp/executors.hpp:21[m[K,
[19.531s]                  from [01m[K/opt/ros/iron/include/rclcpp/rclcpp/rclcpp.hpp:167[m[K,
[19.532s]                  from [01m[K/home/seds/Desktop/TERRANCE/Terrance/src/cpp_stepper_controller/include/Controller.hpp:1[m[K,
[19.532s]                  from [01m[K/home/seds/Desktop/TERRANCE/Terrance/src/cpp_stepper_controller/src/cpp_stepper_controller.cpp:9[m[K:
[19.532s] [01m[K/usr/include/c++/11/functional:225:34:[m[K [01;36m[Knote: [m[Kâ€˜[01m[Kstd::placeholders::_1[m[Kâ€™ declared here
[19.533s]   225 |     extern const _Placeholder<1> [01;36m[K_1[m[K;
[19.533s]       |                                  [01;36m[K^~[m[K
[19.534s] In file included from [01m[K/home/seds/Desktop/TERRANCE/Terrance/src/cpp_stepper_controller/src/cpp_stepper_controller.cpp:9[m[K:
[19.534s] [01m[K/home/seds/Desktop/TERRANCE/Terrance/src/cpp_stepper_controller/include/Controller.hpp:7:18:[m[K [01;31m[Kerror: [m[Kparse error in template argument list
[19.534s]     7 |     sub_ = this->[01;31m[Kcreate_subscription<std_msgs::msg::String([m[K
[19.534s]       |                  [01;31m[K^~~~~~~~~~~~~~~~~~~~~~~~~~~~~~~~~~~~~~~~~~[m[K
[19.535s]     8 | [01;31m[K    "data", 10, std::bind(&controllerSubscriber::callbackFun, this, _1))[m[K;
[19.535s]       |     [01;31m[K~~~~~~~~~~~~~~~~~~~~~~~~~~~~~~~~~~~~~~~~~~~~~~~~~~~~~~~~~~~~~~~~~~~~[m[K
[19.535s] [01m[K/home/seds/Desktop/TERRANCE/Terrance/src/cpp_stepper_controller/include/Controller.hpp:9:5:[m[K [01;31m[Kerror: [m[Kexpected primary-expression before â€˜[01m[K)[m[Kâ€™ token
[19.536s]     9 |     [01;31m[K)[m[K
[19.536s]       |     [01;31m[K^[m[K
[19.537s] [01m[K/home/seds/Desktop/TERRANCE/Terrance/src/cpp_stepper_controller/include/Controller.hpp:15:3:[m[K [01;31m[Kerror: [m[Kexpected primary-expression before â€˜[01m[Kprivate[m[Kâ€™
[19.537s]    15 |   [01;31m[Kprivate[m[K:
[19.537s]       |   [01;31m[K^~~~~~~[m[K
[19.713s] [01m[K/home/seds/Desktop/TERRANCE/Terrance/src/cpp_stepper_controller/include/Controller.hpp:11:11:[m[K [01;35m[Kwarning: [m[Kunused variable â€˜[01m[Ksecond[m[Kâ€™ [[01;35m[K]8;;https://gcc.gnu.org/onlinedocs/gcc/Warning-Options.html#index-Wunused-variable-Wunused-variable]8;;[m[K]
[19.714s]    11 |     float [01;35m[Ksecond[m[K;
[19.714s]       |           [01;35m[K^~~~~~[m[K
[19.714s] [01m[K/home/seds/Desktop/TERRANCE/Terrance/src/cpp_stepper_controller/include/Controller.hpp:12:11:[m[K [01;35m[Kwarning: [m[Kunused variable â€˜[01m[Kthird[m[Kâ€™ [[01;35m[K]8;;https://gcc.gnu.org/onlinedocs/gcc/Warning-Options.html#index-Wunused-variable-Wunused-variable]8;;[m[K]
[19.715s]    12 |     float [01;35m[Kthird[m[K;
[19.715s]       |           [01;35m[K^~~~~[m[K
[19.716s] [01m[K/home/seds/Desktop/TERRANCE/Terrance/src/cpp_stepper_controller/include/Controller.hpp:13:11:[m[K [01;35m[Kwarning: [m[Kunused variable â€˜[01m[Kfourth[m[Kâ€™ [[01;35m[K]8;;https://gcc.gnu.org/onlinedocs/gcc/Warning-Options.html#index-Wunused-variable-Wunused-variable]8;;[m[K]
[19.717s]    13 |     float [01;35m[Kfourth[m[K;
[19.717s]       |           [01;35m[K^~~~~~[m[K
[19.717s] [01m[K/home/seds/Desktop/TERRANCE/Terrance/src/cpp_stepper_controller/src/cpp_stepper_controller.cpp:[m[K At global scope:
[19.718s] [01m[K/home/seds/Desktop/TERRANCE/Terrance/src/cpp_stepper_controller/src/cpp_stepper_controller.cpp:54:2:[m[K [01;31m[Kerror: [m[Kexpected unqualified-id at end of input
[19.718s]    54 | }
[19.719s]       |  [01;31m[K^[m[K
[22.716s] gmake[2]: *** [CMakeFiles/cpp_stepper_controller.dir/build.make:104: CMakeFiles/cpp_stepper_controller.dir/src/cpp_stepper_controller.cpp.o] Error 1
[22.717s] gmake[1]: *** [CMakeFiles/Makefile2:137: CMakeFiles/cpp_stepper_controller.dir/all] Error 2
[22.718s] gmake: *** [Makefile:146: all] Error 2
[22.725s] Invoked command in '/home/seds/Desktop/TERRANCE/Terrance/build/cpp_stepper_controller' returned '2': CMAKE_PREFIX_PATH=${CMAKE_PREFIX_PATH}:/home/seds/Desktop/TERRANCE/Terrance/install/py_publisher:/opt/ros/iron /usr/bin/cmake --build /home/seds/Desktop/TERRANCE/Terrance/build/cpp_stepper_controller -- -j4 -l4
