[0.000000] (-) TimerEvent: {}
[0.001103] (-) JobUnselected: {'identifier': 'py_publisher'}
[0.002071] (cpp_stepper_controller) JobQueued: {'identifier': 'cpp_stepper_controller', 'dependencies': OrderedDict()}
[0.002727] (cpp_stepper_controller) JobStarted: {'identifier': 'cpp_stepper_controller'}
[0.029439] (cpp_stepper_controller) JobProgress: {'identifier': 'cpp_stepper_controller', 'progress': 'cmake'}
[0.034993] (cpp_stepper_controller) JobProgress: {'identifier': 'cpp_stepper_controller', 'progress': 'build'}
[0.038300] (cpp_stepper_controller) Command: {'cmd': ['/usr/bin/cmake', '--build', '/home/seds/Desktop/TERRANCE/Terrance/build/cpp_stepper_controller', '--', '-j4', '-l4'], 'cwd': '/home/seds/Desktop/TERRANCE/Terrance/build/cpp_stepper_controller', 'env': OrderedDict([('SUDO_GID', '1000'), ('MAIL', '/var/mail/root'), ('USER', 'root'), ('HOME', '/root'), ('COLORTERM', 'truecolor'), ('SUDO_UID', '1000'), ('LOGNAME', 'root'), ('TERM', 'xterm-256color'), ('PATH', '/usr/local/sbin:/usr/local/bin:/usr/sbin:/usr/bin:/sbin:/bin:/snap/bin'), ('DISPLAY', ':0'), ('LANG', 'en_US.UTF-8'), ('XDG_CURRENT_DESKTOP', 'ubuntu:GNOME'), ('XAUTHORITY', '/run/user/1000/.mutter-Xwaylandauth.W07UN2'), ('LS_COLORS', 'rs=0:di=01;34:ln=01;36:mh=00:pi=40;33:so=01;35:do=01;35:bd=40;33;01:cd=40;33;01:or=40;31;01:mi=00:su=37;41:sg=30;43:ca=30;41:tw=30;42:ow=34;42:st=37;44:ex=01;32:*.tar=01;31:*.tgz=01;31:*.arc=01;31:*.arj=01;31:*.taz=01;31:*.lha=01;31:*.lz4=01;31:*.lzh=01;31:*.lzma=01;31:*.tlz=01;31:*.txz=01;31:*.tzo=01;31:*.t7z=01;31:*.zip=01;31:*.z=01;31:*.dz=01;31:*.gz=01;31:*.lrz=01;31:*.lz=01;31:*.lzo=01;31:*.xz=01;31:*.zst=01;31:*.tzst=01;31:*.bz2=01;31:*.bz=01;31:*.tbz=01;31:*.tbz2=01;31:*.tz=01;31:*.deb=01;31:*.rpm=01;31:*.jar=01;31:*.war=01;31:*.ear=01;31:*.sar=01;31:*.rar=01;31:*.alz=01;31:*.ace=01;31:*.zoo=01;31:*.cpio=01;31:*.7z=01;31:*.rz=01;31:*.cab=01;31:*.wim=01;31:*.swm=01;31:*.dwm=01;31:*.esd=01;31:*.jpg=01;35:*.jpeg=01;35:*.mjpg=01;35:*.mjpeg=01;35:*.gif=01;35:*.bmp=01;35:*.pbm=01;35:*.pgm=01;35:*.ppm=01;35:*.tga=01;35:*.xbm=01;35:*.xpm=01;35:*.tif=01;35:*.tiff=01;35:*.png=01;35:*.svg=01;35:*.svgz=01;35:*.mng=01;35:*.pcx=01;35:*.mov=01;35:*.mpg=01;35:*.mpeg=01;35:*.m2v=01;35:*.mkv=01;35:*.webm=01;35:*.webp=01;35:*.ogm=01;35:*.mp4=01;35:*.m4v=01;35:*.mp4v=01;35:*.vob=01;35:*.qt=01;35:*.nuv=01;35:*.wmv=01;35:*.asf=01;35:*.rm=01;35:*.rmvb=01;35:*.flc=01;35:*.avi=01;35:*.fli=01;35:*.flv=01;35:*.gl=01;35:*.dl=01;35:*.xcf=01;35:*.xwd=01;35:*.yuv=01;35:*.cgm=01;35:*.emf=01;35:*.ogv=01;35:*.ogx=01;35:*.aac=00;36:*.au=00;36:*.flac=00;36:*.m4a=00;36:*.mid=00;36:*.midi=00;36:*.mka=00;36:*.mp3=00;36:*.mpc=00;36:*.ogg=00;36:*.ra=00;36:*.wav=00;36:*.oga=00;36:*.opus=00;36:*.spx=00;36:*.xspf=00;36:'), ('SUDO_COMMAND', '/usr/bin/colcon build --packages-select cpp_stepper_controller'), ('SHELL', '/bin/bash'), ('SUDO_USER', 'seds'), ('PWD', '/home/seds/Desktop/TERRANCE/Terrance/build/cpp_stepper_controller'), ('COLCON', '1')]), 'shell': False}
[0.099016] (-) TimerEvent: {}
[0.141084] (cpp_stepper_controller) StdoutLine: {'line': b'-- Found ament_cmake: 2.0.5 (/opt/ros/iron/share/ament_cmake/cmake)\n'}
[0.199180] (-) TimerEvent: {}
[0.300654] (-) TimerEvent: {}
[0.405612] (-) TimerEvent: {}
[0.506517] (-) TimerEvent: {}
[0.607498] (-) TimerEvent: {}
[0.708866] (-) TimerEvent: {}
[0.809704] (-) TimerEvent: {}
[0.892354] (cpp_stepper_controller) StderrLine: {'line': b'Traceback (most recent call last):\n'}
[0.894072] (cpp_stepper_controller) StderrLine: {'line': b'  File "/opt/ros/iron/share/ament_cmake_core/cmake/package_templates/templates_2_cmake.py", line 21, in <module>\n'}
[0.896698] (cpp_stepper_controller) StderrLine: {'line': b'    from ament_package.templates import get_environment_hook_template_path\n'}
[0.898359] (cpp_stepper_controller) StderrLine: {'line': b"ModuleNotFoundError: No module named 'ament_package'\n"}
[0.910062] (-) TimerEvent: {}
[0.973122] (cpp_stepper_controller) StderrLine: {'line': b'\x1b[31mCMake Error at /opt/ros/iron/share/ament_cmake_core/cmake/ament_cmake_package_templates-extras.cmake:41 (message):\n'}
[0.974116] (cpp_stepper_controller) StderrLine: {'line': b'  execute_process(/usr/bin/python3.10\n'}
[0.974889] (cpp_stepper_controller) StderrLine: {'line': b'  /opt/ros/iron/share/ament_cmake_core/cmake/package_templates/templates_2_cmake.py\n'}
[0.975731] (cpp_stepper_controller) StderrLine: {'line': b'  /home/seds/Desktop/TERRANCE/Terrance/build/cpp_stepper_controller/ament_cmake_package_templates/templates.cmake)\n'}
[0.976264] (cpp_stepper_controller) StderrLine: {'line': b'  returned error code 1\n'}
[0.976668] (cpp_stepper_controller) StderrLine: {'line': b'Call Stack (most recent call first):\n'}
[0.977043] (cpp_stepper_controller) StderrLine: {'line': b'  /opt/ros/iron/share/ament_cmake_core/cmake/ament_cmake_coreConfig.cmake:41 (include)\n'}
[0.977458] (cpp_stepper_controller) StderrLine: {'line': b'  /opt/ros/iron/share/ament_cmake/cmake/ament_cmake_export_dependencies-extras.cmake:15 (find_package)\n'}
[0.978166] (cpp_stepper_controller) StderrLine: {'line': b'  /opt/ros/iron/share/ament_cmake/cmake/ament_cmakeConfig.cmake:41 (include)\n'}
[0.979135] (cpp_stepper_controller) StderrLine: {'line': b'  CMakeLists.txt:12 (find_package)\n'}
[0.980033] (cpp_stepper_controller) StderrLine: {'line': b'\n'}
[0.980548] (cpp_stepper_controller) StderrLine: {'line': b'\x1b[0m\n'}
[0.980948] (cpp_stepper_controller) StdoutLine: {'line': b'-- Configuring incomplete, errors occurred!\n'}
[0.981414] (cpp_stepper_controller) StdoutLine: {'line': b'See also "/home/seds/Desktop/TERRANCE/Terrance/build/cpp_stepper_controller/CMakeFiles/CMakeOutput.log".\n'}
[0.985533] (cpp_stepper_controller) StderrLine: {'line': b'gmake: *** [Makefile:294: cmake_check_build_system] Error 1\n'}
[0.993234] (cpp_stepper_controller) CommandEnded: {'returncode': 2}
[1.010237] (-) TimerEvent: {}
[1.112410] (-) TimerEvent: {}
[1.175189] (cpp_stepper_controller) JobEnded: {'identifier': 'cpp_stepper_controller', 'rc': 2}
[1.187407] (-) EventReactorShutdown: {}
