[0.054s] Invoking command in '/home/seds/Desktop/TERRANCE/Terrance/src/build/cpp_stepper_controller': CMAKE_PREFIX_PATH=${CMAKE_PREFIX_PATH}:/opt/ros/iron /usr/bin/cmake /home/seds/Desktop/TERRANCE/Terrance/src/cpp_stepper_controller -DCMAKE_INSTALL_PREFIX=/home/seds/Desktop/TERRANCE/Terrance/src/install/cpp_stepper_controller
[0.316s] -- The C compiler identification is GNU 11.4.0
[0.575s] -- The CXX compiler identification is GNU 11.4.0
[0.606s] -- Detecting C compiler ABI info
[0.930s] -- Detecting C compiler ABI info - done
[0.956s] -- Check for working C compiler: /usr/bin/cc - skipped
[0.957s] -- Detecting C compile features
[0.958s] -- Detecting C compile features - done
[0.970s] -- Detecting CXX compiler ABI info
[1.327s] -- Detecting CXX compiler ABI info - done
[1.357s] -- Check for working CXX compiler: /usr/bin/c++ - skipped
[1.358s] -- Detecting CXX compile features
[1.360s] -- Detecting CXX compile features - done
[1.384s] -- Found ament_cmake: 2.0.4 (/opt/ros/iron/share/ament_cmake/cmake)
[2.213s] -- Found Python3: /usr/bin/python3.10 (found version "3.10.12") found components: Interpreter 
[2.760s] -- Found ament_lint_auto: 0.14.3 (/opt/ros/iron/share/ament_lint_auto/cmake)
[3.182s] -- Added test 'cppcheck' to perform static code analysis on C / C++ code
[3.183s] -- Configured cppcheck include dirs: $<BUILD_INTERFACE:/home/seds/Desktop/TERRANCE/Terrance/src/cpp_stepper_controller/include>
[3.183s] -- Configured cppcheck exclude dirs and/or files: 
[3.188s] -- Added test 'lint_cmake' to check CMake code style
[3.198s] -- Added test 'uncrustify' to check C / C++ code style
[3.198s] -- Configured uncrustify additional arguments: 
[3.201s] -- Added test 'xmllint' to check XML markup files
[3.208s] -- Configuring done
[3.237s] -- Generating done
[3.242s] -- Build files have been written to: /home/seds/Desktop/TERRANCE/Terrance/src/build/cpp_stepper_controller
[3.260s] Invoked command in '/home/seds/Desktop/TERRANCE/Terrance/src/build/cpp_stepper_controller' returned '0': CMAKE_PREFIX_PATH=${CMAKE_PREFIX_PATH}:/opt/ros/iron /usr/bin/cmake /home/seds/Desktop/TERRANCE/Terrance/src/cpp_stepper_controller -DCMAKE_INSTALL_PREFIX=/home/seds/Desktop/TERRANCE/Terrance/src/install/cpp_stepper_controller
[3.271s] Invoking command in '/home/seds/Desktop/TERRANCE/Terrance/src/build/cpp_stepper_controller': CMAKE_PREFIX_PATH=${CMAKE_PREFIX_PATH}:/opt/ros/iron /usr/bin/cmake --build /home/seds/Desktop/TERRANCE/Terrance/src/build/cpp_stepper_controller -- -j4 -l4
[3.467s] [ 50%] [32mBuilding CXX object CMakeFiles/cpp_stepper_controller.dir/src/cpp_stepper_controller.cpp.o[0m
[3.630s] [01m[K/home/seds/Desktop/TERRANCE/Terrance/src/cpp_stepper_controller/src/cpp_stepper_controller.cpp:8:10:[m[K [01;31m[Kfatal error: [m[KStepperController.hpp: No such file or directory
[3.631s]     8 | #include [01;31m[K"StepperController.hpp"[m[K
[3.631s]       |          [01;31m[K^~~~~~~~~~~~~~~~~~~~~~~[m[K
[3.632s] compilation terminated.
[3.636s] gmake[2]: *** [CMakeFiles/cpp_stepper_controller.dir/build.make:76: CMakeFiles/cpp_stepper_controller.dir/src/cpp_stepper_controller.cpp.o] Error 1
[3.637s] gmake[1]: *** [CMakeFiles/Makefile2:137: CMakeFiles/cpp_stepper_controller.dir/all] Error 2
[3.638s] gmake: *** [Makefile:146: all] Error 2
[3.644s] Invoked command in '/home/seds/Desktop/TERRANCE/Terrance/src/build/cpp_stepper_controller' returned '2': CMAKE_PREFIX_PATH=${CMAKE_PREFIX_PATH}:/opt/ros/iron /usr/bin/cmake --build /home/seds/Desktop/TERRANCE/Terrance/src/build/cpp_stepper_controller -- -j4 -l4
