[0.078s] Invoking command in '/home/seds/Desktop/TERRANCE/Terrance/build/cpp_stepper_controller': CMAKE_PREFIX_PATH=${CMAKE_PREFIX_PATH}:/opt/ros/iron /usr/bin/cmake --build /home/seds/Desktop/TERRANCE/Terrance/build/cpp_stepper_controller -- -j4 -l4
[0.261s] [35m[1mConsolidate compiler generated dependencies of target cpp_stepper_controller[0m
[0.313s] [ 33%] [32mBuilding CXX object CMakeFiles/cpp_stepper_controller.dir/src/StepperController.cpp.o[0m
[0.405s] [01m[K/home/seds/Desktop/TERRANCE/Terrance/src/cpp_stepper_controller/src/StepperController.cpp:3:10:[m[K [01;31m[Kfatal error: [m[Kstdio: No such file or directory
[0.405s]     3 | #include [01;31m[K<stdio>[m[K
[0.405s]       |          [01;31m[K^~~~~~~[m[K
[0.406s] compilation terminated.
[0.407s] gmake[2]: *** [CMakeFiles/cpp_stepper_controller.dir/build.make:76: CMakeFiles/cpp_stepper_controller.dir/src/StepperController.cpp.o] Error 1
[0.407s] gmake[1]: *** [CMakeFiles/Makefile2:137: CMakeFiles/cpp_stepper_controller.dir/all] Error 2
[0.408s] gmake: *** [Makefile:146: all] Error 2
[0.415s] Invoked command in '/home/seds/Desktop/TERRANCE/Terrance/build/cpp_stepper_controller' returned '2': CMAKE_PREFIX_PATH=${CMAKE_PREFIX_PATH}:/opt/ros/iron /usr/bin/cmake --build /home/seds/Desktop/TERRANCE/Terrance/build/cpp_stepper_controller -- -j4 -l4
