-- Found ament_cmake: 2.0.4 (/opt/ros/iron/share/ament_cmake/cmake)
-- Found ament_lint_auto: 0.14.3 (/opt/ros/iron/share/ament_lint_auto/cmake)
-- Added test 'cppcheck' to perform static code analysis on C / C++ code
-- Configured cppcheck include dirs: $<BUILD_INTERFACE:/home/seds/Desktop/TERRANCE/Terrance/src/cpp_stepper_controller/include>
-- Configured cppcheck exclude dirs and/or files: 
-- Added test 'lint_cmake' to check CMake code style
-- Added test 'uncrustify' to check C / C++ code style
-- Configured uncrustify additional arguments: 
-- Added test 'xmllint' to check XML markup files
-- Configuring done
-- Generating done
-- Build files have been written to: /home/seds/Desktop/TERRANCE/Terrance/build/cpp_stepper_controller
[35m[1mConsolidate compiler generated dependencies of target cpp_stepper_controller[0m
[ 50%] [32m[1mLinking CXX executable cpp_stepper_controller[0m
/usr/bin/ld: CMakeFiles/cpp_stepper_controller.dir/src/cpp_stepper_controller.cpp.o: in function `main':
cpp_stepper_controller.cpp:(.text+0x34): undefined reference to `gpioInitialise'
/usr/bin/ld: cpp_stepper_controller.cpp:(.text+0x58): undefined reference to `StepperController::StepperController(int, float)'
/usr/bin/ld: cpp_stepper_controller.cpp:(.text+0x78): undefined reference to `StepperController::StepperController(int, float)'
/usr/bin/ld: cpp_stepper_controller.cpp:(.text+0x94): undefined reference to `StepperController::StepperController(int, float)'
/usr/bin/ld: cpp_stepper_controller.cpp:(.text+0xb0): undefined reference to `StepperController::StepperController(int, float)'
/usr/bin/ld: cpp_stepper_controller.cpp:(.text+0xcc): undefined reference to `StepperController::StepperController(int, float)'
/usr/bin/ld: cpp_stepper_controller.cpp:(.text+0xd8): undefined reference to `gpioTick'
/usr/bin/ld: cpp_stepper_controller.cpp:(.text+0xe8): undefined reference to `StepperController::updateActivation(unsigned int)'
/usr/bin/ld: cpp_stepper_controller.cpp:(.text+0xf8): undefined reference to `StepperController::updateActivation(unsigned int)'
/usr/bin/ld: cpp_stepper_controller.cpp:(.text+0x108): undefined reference to `StepperController::updateActivation(unsigned int)'
/usr/bin/ld: cpp_stepper_controller.cpp:(.text+0x118): undefined reference to `StepperController::updateActivation(unsigned int)'
/usr/bin/ld: cpp_stepper_controller.cpp:(.text+0x120): undefined reference to `gpioDelay'
/usr/bin/ld: cpp_stepper_controller.cpp:(.text+0x128): undefined reference to `StepperController::deactivate()'
/usr/bin/ld: cpp_stepper_controller.cpp:(.text+0x134): undefined reference to `StepperController::deactivate()'
/usr/bin/ld: cpp_stepper_controller.cpp:(.text+0x140): undefined reference to `StepperController::deactivate()'
/usr/bin/ld: cpp_stepper_controller.cpp:(.text+0x14c): undefined reference to `StepperController::deactivate()'
/usr/bin/ld: cpp_stepper_controller.cpp:(.text+0x154): undefined reference to `gpioDelay'
collect2: error: ld returned 1 exit status
gmake[2]: *** [CMakeFiles/cpp_stepper_controller.dir/build.make:97: cpp_stepper_controller] Error 1
gmake[1]: *** [CMakeFiles/Makefile2:137: CMakeFiles/cpp_stepper_controller.dir/all] Error 2
gmake: *** [Makefile:146: all] Error 2
