<?xml version="1.0" encoding="UTF-8"?>
<Site BuildName="(empty)"
	BuildStamp="20240523-0305-Experimental"
	Name="ColinPC"
	Generator="ctest-3.22.1"
	CompilerName="/usr/bin/c++"
	CompilerVersion="11.4.0"
	OSName="Linux"
	Hostname="ColinPC"
	OSRelease="5.15.146.1-microsoft-standard-WSL2"
	OSVersion="#1 SMP Thu Jan 11 04:09:03 UTC 2024"
	OSPlatform="x86_64"
	Is64Bits="1"
	VendorString="GenuineIntel"
	VendorID="Intel Corporation"
	FamilyID="6"
	ModelID="151"
	ProcessorCacheSize="25600"
	NumberOfLogicalCPU="20"
	NumberOfPhysicalCPU="10"
	TotalVirtualMemory="8192"
	TotalPhysicalMemory="32004"
	LogicalProcessorsPerPhysical="2"
	ProcessorClockFrequency="3609.6"
	>
	<Testing>
		<StartDateTime>May 22 20:05 MST</StartDateTime>
		<StartTestTime>1716433522</StartTestTime>
		<TestList/>
		<EndDateTime>May 22 20:05 MST</EndDateTime>
		<EndTestTime>1716433522</EndTestTime>
		<ElapsedMinutes>0</ElapsedMinutes>
	</Testing>
</Site>
