[0.082s] Invoking command in '/home/seds/Desktop/TERRANCE/Terrance/build/cpp_stepper_controller': CMAKE_PREFIX_PATH=${CMAKE_PREFIX_PATH}:/home/seds/Desktop/TERRANCE/Terrance/install/py_publisher:/opt/ros/iron /usr/bin/cmake --build /home/seds/Desktop/TERRANCE/Terrance/build/cpp_stepper_controller -- -j4 -l4
[0.272s] [35m[1mConsolidate compiler generated dependencies of target cpp_stepper_controller[0m
[0.343s] gmake[2]: *** No rule to make target '/home/seds/Desktop/TERRANCE/Terrance/src/cpp_stepper_controller/src/listener.cpp', needed by 'CMakeFiles/cpp_stepper_controller.dir/src/listener.cpp.o'.  Stop.
[0.344s] gmake[2]: *** Waiting for unfinished jobs....
[0.376s] [ 40%] [32mBuilding CXX object CMakeFiles/cpp_stepper_controller.dir/src/cpp_stepper_controller.cpp.o[0m
[0.377s] [ 40%] [32mBuilding CXX object CMakeFiles/cpp_stepper_controller.dir/src/Controller.cpp.o[0m
[0.659s] [01m[K/home/seds/Desktop/TERRANCE/Terrance/src/cpp_stepper_controller/src/cpp_stepper_controller.cpp:[m[K In function â€˜[01m[Kint main(int, char**)[m[Kâ€™:
[0.661s] [01m[K/home/seds/Desktop/TERRANCE/Terrance/src/cpp_stepper_controller/src/cpp_stepper_controller.cpp:27:21:[m[K [01;31m[Kerror: [m[Kuse of â€˜[01m[Kcontroller[m[Kâ€™ before deduction of â€˜[01m[Kauto[m[Kâ€™
[0.662s]    27 |   auto controller = [01;31m[Kcontroller[m[K();
[0.662s]       |                     [01;31m[K^~~~~~~~~~[m[K
[0.670s] [01m[K/home/seds/Desktop/TERRANCE/Terrance/src/cpp_stepper_controller/src/cpp_stepper_controller.cpp:30:16:[m[K [01;31m[Kerror: [m[Kâ€˜[01m[KcontrollerSubscriber[m[Kâ€™ was not declared in this scope
[0.670s]    30 |   controller = [01;31m[KcontrollerSubscriber[m[K();
[0.671s]       |                [01;31m[K^~~~~~~~~~~~~~~~~~~~[m[K
[0.677s] gmake[2]: *** [CMakeFiles/cpp_stepper_controller.dir/build.make:104: CMakeFiles/cpp_stepper_controller.dir/src/cpp_stepper_controller.cpp.o] Error 1
[12.290s] [01m[K/home/seds/Desktop/TERRANCE/Terrance/src/cpp_stepper_controller/src/Controller.cpp:20:3:[m[K [01;31m[Kerror: [m[Kexpected â€˜[01m[K}[m[Kâ€™ at end of input
[12.290s]    20 | };
[12.291s]       |   [01;31m[K^[m[K
[12.291s] [01m[K/home/seds/Desktop/TERRANCE/Terrance/src/cpp_stepper_controller/src/Controller.cpp:4:50:[m[K [01;36m[Knote: [m[Kto match this â€˜[01m[K{[m[Kâ€™
[12.292s]     4 | class controllerSubscriber : public rclcpp::Node [01;36m[K{[m[K
[12.292s]       |                                                  [01;36m[K^[m[K
[12.314s] [01m[K/home/seds/Desktop/TERRANCE/Terrance/src/cpp_stepper_controller/src/Controller.cpp:[m[K In constructor â€˜[01m[KcontrollerSubscriber::controllerSubscriber()[m[Kâ€™:
[12.314s] [01m[K/home/seds/Desktop/TERRANCE/Terrance/src/cpp_stepper_controller/src/Controller.cpp:7:5:[m[K [01;31m[Kerror: [m[Kâ€˜[01m[Ksub_[m[Kâ€™ was not declared in this scope
[12.315s]     7 |     [01;31m[Ksub_[m[K = this->create_subscription<std_msgs::msg::String(
[12.316s]       |     [01;31m[K^~~~[m[K
[12.316s] [01m[K/home/seds/Desktop/TERRANCE/Terrance/src/cpp_stepper_controller/src/Controller.cpp:8:50:[m[K [01;31m[Kerror: [m[Kâ€˜[01m[KcallbackFun[m[Kâ€™ is not a member of â€˜[01m[KcontrollerSubscriber[m[Kâ€™
[12.317s]     8 |     "data", 10, std::bind(&controllerSubscriber::[01;31m[KcallbackFun[m[K, this, _1));
[12.317s]       |                                                  [01;31m[K^~~~~~~~~~~[m[K
[12.318s] [01m[K/home/seds/Desktop/TERRANCE/Terrance/src/cpp_stepper_controller/src/Controller.cpp:8:69:[m[K [01;31m[Kerror: [m[Kâ€˜[01m[K_1[m[Kâ€™ was not declared in this scope; did you mean â€˜[01m[Kstd::placeholders::_1[m[Kâ€™?
[12.318s]     8 |     "data", 10, std::bind(&controllerSubscriber::callbackFun, this, [01;31m[K_1[m[K));
[12.318s]       |                                                                     [01;31m[K^~[m[K
[12.319s]       |                                                                     [32m[Kstd::placeholders::_1[m[K
[12.319s] In file included from [01m[K/usr/include/c++/11/pstl/glue_algorithm_defs.h:13[m[K,
[12.319s]                  from [01m[K/usr/include/c++/11/algorithm:74[m[K,
[12.320s]                  from [01m[K/opt/ros/iron/include/rclcpp/rclcpp/executor.hpp:18[m[K,
[12.320s]                  from [01m[K/opt/ros/iron/include/rclcpp/rclcpp/executors/multi_threaded_executor.hpp:25[m[K,
[12.320s]                  from [01m[K/opt/ros/iron/include/rclcpp/rclcpp/executors.hpp:21[m[K,
[12.321s]                  from [01m[K/opt/ros/iron/include/rclcpp/rclcpp/rclcpp.hpp:167[m[K,
[12.321s]                  from [01m[K/home/seds/Desktop/TERRANCE/Terrance/src/cpp_stepper_controller/src/Controller.cpp:1[m[K:
[12.321s] [01m[K/usr/include/c++/11/functional:225:34:[m[K [01;36m[Knote: [m[Kâ€˜[01m[Kstd::placeholders::_1[m[Kâ€™ declared here
[12.322s]   225 |     extern const _Placeholder<1> [01;36m[K_1[m[K;
[12.322s]       |                                  [01;36m[K^~[m[K
[12.323s] [01m[K/home/seds/Desktop/TERRANCE/Terrance/src/cpp_stepper_controller/src/Controller.cpp:7:18:[m[K [01;31m[Kerror: [m[Kparse error in template argument list
[12.323s]     7 |     sub_ = this->[01;31m[Kcreate_subscription<std_msgs::msg::String([m[K
[12.323s]       |                  [01;31m[K^~~~~~~~~~~~~~~~~~~~~~~~~~~~~~~~~~~~~~~~~~[m[K
[12.324s]     8 | [01;31m[K    "data", 10, std::bind(&controllerSubscriber::callbackFun, this, _1))[m[K;
[12.324s]       |     [01;31m[K~~~~~~~~~~~~~~~~~~~~~~~~~~~~~~~~~~~~~~~~~~~~~~~~~~~~~~~~~~~~~~~~~~~~[m[K
[12.324s] [01m[K/home/seds/Desktop/TERRANCE/Terrance/src/cpp_stepper_controller/src/Controller.cpp:9:5:[m[K [01;31m[Kerror: [m[Kexpected primary-expression before â€˜[01m[K)[m[Kâ€™ token
[12.325s]     9 |     [01;31m[K)[m[K
[12.325s]       |     [01;31m[K^[m[K
[12.325s] [01m[K/home/seds/Desktop/TERRANCE/Terrance/src/cpp_stepper_controller/src/Controller.cpp:15:3:[m[K [01;31m[Kerror: [m[Kexpected primary-expression before â€˜[01m[Kprivate[m[Kâ€™
[12.326s]    15 |   [01;31m[Kprivate[m[K:
[12.326s]       |   [01;31m[K^~~~~~~[m[K
[12.502s] [01m[K/home/seds/Desktop/TERRANCE/Terrance/src/cpp_stepper_controller/src/Controller.cpp:11:11:[m[K [01;35m[Kwarning: [m[Kunused variable â€˜[01m[Ksecond[m[Kâ€™ [[01;35m[K]8;;https://gcc.gnu.org/onlinedocs/gcc/Warning-Options.html#index-Wunused-variable-Wunused-variable]8;;[m[K]
[12.503s]    11 |     float [01;35m[Ksecond[m[K;
[12.503s]       |           [01;35m[K^~~~~~[m[K
[12.504s] [01m[K/home/seds/Desktop/TERRANCE/Terrance/src/cpp_stepper_controller/src/Controller.cpp:12:11:[m[K [01;35m[Kwarning: [m[Kunused variable â€˜[01m[Kthird[m[Kâ€™ [[01;35m[K]8;;https://gcc.gnu.org/onlinedocs/gcc/Warning-Options.html#index-Wunused-variable-Wunused-variable]8;;[m[K]
[12.504s]    12 |     float [01;35m[Kthird[m[K;
[12.505s]       |           [01;35m[K^~~~~[m[K
[12.505s] [01m[K/home/seds/Desktop/TERRANCE/Terrance/src/cpp_stepper_controller/src/Controller.cpp:13:11:[m[K [01;35m[Kwarning: [m[Kunused variable â€˜[01m[Kfourth[m[Kâ€™ [[01;35m[K]8;;https://gcc.gnu.org/onlinedocs/gcc/Warning-Options.html#index-Wunused-variable-Wunused-variable]8;;[m[K]
[12.505s]    13 |     float [01;35m[Kfourth[m[K;
[12.506s]       |           [01;35m[K^~~~~~[m[K
[12.506s] [01m[K/home/seds/Desktop/TERRANCE/Terrance/src/cpp_stepper_controller/src/Controller.cpp:[m[K At global scope:
[12.507s] [01m[K/home/seds/Desktop/TERRANCE/Terrance/src/cpp_stepper_controller/src/Controller.cpp:20:3:[m[K [01;31m[Kerror: [m[Kexpected unqualified-id at end of input
[12.507s]    20 | };
[12.507s]       |   [01;31m[K^[m[K
[15.500s] gmake[2]: *** [CMakeFiles/cpp_stepper_controller.dir/build.make:76: CMakeFiles/cpp_stepper_controller.dir/src/Controller.cpp.o] Error 1
[15.501s] gmake[1]: *** [CMakeFiles/Makefile2:137: CMakeFiles/cpp_stepper_controller.dir/all] Error 2
[15.502s] gmake: *** [Makefile:146: all] Error 2
[15.509s] Invoked command in '/home/seds/Desktop/TERRANCE/Terrance/build/cpp_stepper_controller' returned '2': CMAKE_PREFIX_PATH=${CMAKE_PREFIX_PATH}:/home/seds/Desktop/TERRANCE/Terrance/install/py_publisher:/opt/ros/iron /usr/bin/cmake --build /home/seds/Desktop/TERRANCE/Terrance/build/cpp_stepper_controller -- -j4 -l4
