[0.058s] Invoking command in '/home/seds/Desktop/TERRANCE/Terrance/src/build/cpp_stepper_controller': CMAKE_PREFIX_PATH=${CMAKE_PREFIX_PATH}:/opt/ros/iron /usr/bin/cmake --build /home/seds/Desktop/TERRANCE/Terrance/src/build/cpp_stepper_controller -- -j4 -l4
[0.261s] [ 50%] [32mBuilding CXX object CMakeFiles/cpp_stepper_controller.dir/src/cpp_stepper_controller.cpp.o[0m
[0.355s] [01m[K/home/seds/Desktop/TERRANCE/Terrance/src/cpp_stepper_controller/src/cpp_stepper_controller.cpp:8:10:[m[K [01;31m[Kfatal error: [m[KStepperController.hpp: No such file or directory
[0.356s]     8 | #include [01;31m[K"StepperController.hpp"[m[K
[0.356s]       |          [01;31m[K^~~~~~~~~~~~~~~~~~~~~~~[m[K
[0.357s] compilation terminated.
[0.360s] gmake[2]: *** [CMakeFiles/cpp_stepper_controller.dir/build.make:76: CMakeFiles/cpp_stepper_controller.dir/src/cpp_stepper_controller.cpp.o] Error 1
[0.360s] gmake[1]: *** [CMakeFiles/Makefile2:137: CMakeFiles/cpp_stepper_controller.dir/all] Error 2
[0.361s] gmake: *** [Makefile:146: all] Error 2
[0.367s] Invoked command in '/home/seds/Desktop/TERRANCE/Terrance/src/build/cpp_stepper_controller' returned '2': CMAKE_PREFIX_PATH=${CMAKE_PREFIX_PATH}:/opt/ros/iron /usr/bin/cmake --build /home/seds/Desktop/TERRANCE/Terrance/src/build/cpp_stepper_controller -- -j4 -l4
