In file included from [01m[K/opt/ros/iron/include/rclcpp/rclcpp/logging.hpp:24[m[K,
                 from [01m[K/opt/ros/iron/include/rclcpp/rclcpp/client.hpp:43[m[K,
                 from [01m[K/opt/ros/iron/include/rclcpp/rclcpp/callback_group.hpp:24[m[K,
                 from [01m[K/opt/ros/iron/include/rclcpp/rclcpp/any_executable.hpp:20[m[K,
                 from [01m[K/opt/ros/iron/include/rclcpp/rclcpp/memory_strategy.hpp:25[m[K,
                 from [01m[K/opt/ros/iron/include/rclcpp/rclcpp/memory_strategies.hpp:18[m[K,
                 from [01m[K/opt/ros/iron/include/rclcpp/rclcpp/executor_options.hpp:20[m[K,
                 from [01m[K/opt/ros/iron/include/rclcpp/rclcpp/executor.hpp:37[m[K,
                 from [01m[K/opt/ros/iron/include/rclcpp/rclcpp/executors/multi_threaded_executor.hpp:25[m[K,
                 from [01m[K/opt/ros/iron/include/rclcpp/rclcpp/executors.hpp:21[m[K,
                 from [01m[K/opt/ros/iron/include/rclcpp/rclcpp/rclcpp.hpp:167[m[K,
                 from [01m[K/home/seds/Desktop/TERRANCE/Terrance/src/cpp_stepper_controller/include/Controller.hpp:3[m[K,
                 from [01m[K/home/seds/Desktop/TERRANCE/Terrance/src/cpp_stepper_controller/src/cpp_stepper_controller.cpp:9[m[K:
[01m[K/home/seds/Desktop/TERRANCE/Terrance/src/cpp_stepper_controller/include/Controller.hpp:[m[K In member function â€˜[01m[Kvoid ControllerSubscriber::topic_callback(const String&) const[m[Kâ€™:
[01m[K/home/seds/Desktop/TERRANCE/Terrance/src/cpp_stepper_controller/include/Controller.hpp:21:58:[m[K [01;31m[Kerror: [m[Kbase operand of â€˜[01m[K->[m[Kâ€™ has non-pointer type â€˜[01m[Kconst String[m[Kâ€™ {aka â€˜[01m[Kconst std_msgs::msg::String_<std::allocator<void> >[m[Kâ€™}
   21 |       RCLCPP_INFO(this->get_logger(), "Received: %s", msg[01;31m[K->[m[Kdata.c_str());
      |                                                          [01;31m[K^~[m[K
gmake[2]: *** [CMakeFiles/cpp_stepper_controller.dir/build.make:104: CMakeFiles/cpp_stepper_controller.dir/src/cpp_stepper_controller.cpp.o] Error 1
gmake[1]: *** [CMakeFiles/Makefile2:137: CMakeFiles/cpp_stepper_controller.dir/all] Error 2
gmake: *** [Makefile:146: all] Error 2
