[0.086s] Invoking command in '/home/seds/Desktop/TERRANCE/Terrance/build/cpp_stepper_controller': CMAKE_PREFIX_PATH=${CMAKE_PREFIX_PATH}:/home/seds/Desktop/TERRANCE/Terrance/install/py_publisher:/opt/ros/iron /usr/bin/cmake /home/seds/Desktop/TERRANCE/Terrance/src/cpp_stepper_controller -DCMAKE_INSTALL_PREFIX=/home/seds/Desktop/TERRANCE/Terrance/install/cpp_stepper_controller
[0.371s] -- The C compiler identification is GNU 11.4.0
[0.645s] -- The CXX compiler identification is GNU 11.4.0
[0.674s] -- Detecting C compiler ABI info
[1.004s] -- Detecting C compiler ABI info - done
[1.030s] -- Check for working C compiler: /usr/bin/cc - skipped
[1.031s] -- Detecting C compile features
[1.032s] -- Detecting C compile features - done
[1.047s] -- Detecting CXX compiler ABI info
[1.418s] -- Detecting CXX compiler ABI info - done
[1.447s] -- Check for working CXX compiler: /usr/bin/c++ - skipped
[1.448s] -- Detecting CXX compile features
[1.449s] -- Detecting CXX compile features - done
[1.476s] -- Found ament_cmake: 2.0.5 (/opt/ros/iron/share/ament_cmake/cmake)
[2.454s] -- Found Python3: /usr/bin/python3.10 (found version "3.10.12") found components: Interpreter 
[3.094s] -- Found rclcpp: 21.0.6 (/opt/ros/iron/share/rclcpp/cmake)
[3.524s] -- Found rosidl_generator_c: 4.0.1 (/opt/ros/iron/share/rosidl_generator_c/cmake)
[3.626s] -- Found rosidl_generator_cpp: 4.0.1 (/opt/ros/iron/share/rosidl_generator_cpp/cmake)
[3.749s] -- Using all available rosidl_typesupport_c: rosidl_typesupport_fastrtps_c;rosidl_typesupport_introspection_c
[3.886s] -- Using all available rosidl_typesupport_cpp: rosidl_typesupport_fastrtps_cpp;rosidl_typesupport_introspection_cpp
[4.717s] -- Found rmw_implementation_cmake: 7.1.0 (/opt/ros/iron/share/rmw_implementation_cmake/cmake)
[4.745s] -- Found rmw_fastrtps_cpp: 7.1.3 (/opt/ros/iron/share/rmw_fastrtps_cpp/cmake)
[5.472s] -- Found OpenSSL: /usr/lib/aarch64-linux-gnu/libcrypto.so (found version "3.0.2")  
[5.730s] -- Found FastRTPS: /opt/ros/iron/include  
[6.158s] -- Using RMW implementation 'rmw_fastrtps_cpp' as default
[6.898s] -- Found rclcpp_components: 21.0.6 (/opt/ros/iron/share/rclcpp_components/cmake)
[7.397s] -- Found std_msgs: 5.0.0 (/opt/ros/iron/share/std_msgs/cmake)
[7.544s] -- Found ament_lint_auto: 0.14.3 (/opt/ros/iron/share/ament_lint_auto/cmake)
[7.998s] -- Added test 'cppcheck' to perform static code analysis on C / C++ code
[7.999s] -- Configured cppcheck include dirs: $<BUILD_INTERFACE:/home/seds/Desktop/TERRANCE/Terrance/src/cpp_stepper_controller/include>
[7.999s] -- Configured cppcheck exclude dirs and/or files: 
[8.003s] -- Added test 'lint_cmake' to check CMake code style
[8.013s] -- Added test 'uncrustify' to check C / C++ code style
[8.013s] -- Configured uncrustify additional arguments: 
[8.016s] -- Added test 'xmllint' to check XML markup files
[8.022s] -- Configuring done
[8.090s] -- Generating done
[8.101s] -- Build files have been written to: /home/seds/Desktop/TERRANCE/Terrance/build/cpp_stepper_controller
[8.141s] Invoked command in '/home/seds/Desktop/TERRANCE/Terrance/build/cpp_stepper_controller' returned '0': CMAKE_PREFIX_PATH=${CMAKE_PREFIX_PATH}:/home/seds/Desktop/TERRANCE/Terrance/install/py_publisher:/opt/ros/iron /usr/bin/cmake /home/seds/Desktop/TERRANCE/Terrance/src/cpp_stepper_controller -DCMAKE_INSTALL_PREFIX=/home/seds/Desktop/TERRANCE/Terrance/install/cpp_stepper_controller
[8.150s] Invoking command in '/home/seds/Desktop/TERRANCE/Terrance/build/cpp_stepper_controller': CMAKE_PREFIX_PATH=${CMAKE_PREFIX_PATH}:/home/seds/Desktop/TERRANCE/Terrance/install/py_publisher:/opt/ros/iron /usr/bin/cmake --build /home/seds/Desktop/TERRANCE/Terrance/build/cpp_stepper_controller -- -j4 -l4
[8.327s] [35m[1mConsolidate compiler generated dependencies of target cpp_stepper_controller[0m
[8.422s] [ 25%] [32mBuilding CXX object CMakeFiles/cpp_stepper_controller.dir/src/Controller.cpp.o[0m
[8.425s] [ 50%] [32mBuilding CXX object CMakeFiles/cpp_stepper_controller.dir/src/cpp_stepper_controller.cpp.o[0m
[8.677s] [01m[K/home/seds/Desktop/TERRANCE/Terrance/src/cpp_stepper_controller/src/cpp_stepper_controller.cpp:[m[K In function â€˜[01m[Kint main(int, char**)[m[Kâ€™:
[8.677s] [01m[K/home/seds/Desktop/TERRANCE/Terrance/src/cpp_stepper_controller/src/cpp_stepper_controller.cpp:27:21:[m[K [01;31m[Kerror: [m[Kuse of â€˜[01m[Kcontroller[m[Kâ€™ before deduction of â€˜[01m[Kauto[m[Kâ€™
[8.678s]    27 |   auto controller = [01;31m[Kcontroller[m[K();
[8.678s]       |                     [01;31m[K^~~~~~~~~~[m[K
[8.685s] [01m[K/home/seds/Desktop/TERRANCE/Terrance/src/cpp_stepper_controller/src/cpp_stepper_controller.cpp:30:16:[m[K [01;31m[Kerror: [m[Kâ€˜[01m[KcontrollerSubscriber[m[Kâ€™ was not declared in this scope
[8.686s]    30 |   controller = [01;31m[KcontrollerSubscriber[m[K();
[8.687s]       |                [01;31m[K^~~~~~~~~~~~~~~~~~~~[m[K
[8.696s] gmake[2]: *** [CMakeFiles/cpp_stepper_controller.dir/build.make:104: CMakeFiles/cpp_stepper_controller.dir/src/cpp_stepper_controller.cpp.o] Error 1
[8.696s] gmake[2]: *** Waiting for unfinished jobs....
[19.453s] [01m[K/home/seds/Desktop/TERRANCE/Terrance/src/cpp_stepper_controller/src/Controller.cpp:20:3:[m[K [01;31m[Kerror: [m[Kexpected â€˜[01m[K}[m[Kâ€™ at end of input
[19.454s]    20 | };
[19.454s]       |   [01;31m[K^[m[K
[19.455s] [01m[K/home/seds/Desktop/TERRANCE/Terrance/src/cpp_stepper_controller/src/Controller.cpp:4:50:[m[K [01;36m[Knote: [m[Kto match this â€˜[01m[K{[m[Kâ€™
[19.456s]     4 | class controllerSubscriber : public rclcpp::Node [01;36m[K{[m[K
[19.456s]       |                                                  [01;36m[K^[m[K
[19.480s] [01m[K/home/seds/Desktop/TERRANCE/Terrance/src/cpp_stepper_controller/src/Controller.cpp:[m[K In constructor â€˜[01m[KcontrollerSubscriber::controllerSubscriber()[m[Kâ€™:
[19.481s] [01m[K/home/seds/Desktop/TERRANCE/Terrance/src/cpp_stepper_controller/src/Controller.cpp:7:5:[m[K [01;31m[Kerror: [m[Kâ€˜[01m[Ksub_[m[Kâ€™ was not declared in this scope
[19.481s]     7 |     [01;31m[Ksub_[m[K = this->create_subscription<std_msgs::msg::String(
[19.483s]       |     [01;31m[K^~~~[m[K
[19.483s] [01m[K/home/seds/Desktop/TERRANCE/Terrance/src/cpp_stepper_controller/src/Controller.cpp:8:50:[m[K [01;31m[Kerror: [m[Kâ€˜[01m[KcallbackFun[m[Kâ€™ is not a member of â€˜[01m[KcontrollerSubscriber[m[Kâ€™
[19.483s]     8 |     "data", 10, std::bind(&controllerSubscriber::[01;31m[KcallbackFun[m[K, this, _1));
[19.484s]       |                                                  [01;31m[K^~~~~~~~~~~[m[K
[19.484s] [01m[K/home/seds/Desktop/TERRANCE/Terrance/src/cpp_stepper_controller/src/Controller.cpp:8:69:[m[K [01;31m[Kerror: [m[Kâ€˜[01m[K_1[m[Kâ€™ was not declared in this scope; did you mean â€˜[01m[Kstd::placeholders::_1[m[Kâ€™?
[19.485s]     8 |     "data", 10, std::bind(&controllerSubscriber::callbackFun, this, [01;31m[K_1[m[K));
[19.485s]       |                                                                     [01;31m[K^~[m[K
[19.485s]       |                                                                     [32m[Kstd::placeholders::_1[m[K
[19.486s] In file included from [01m[K/usr/include/c++/11/pstl/glue_algorithm_defs.h:13[m[K,
[19.486s]                  from [01m[K/usr/include/c++/11/algorithm:74[m[K,
[19.486s]                  from [01m[K/opt/ros/iron/include/rclcpp/rclcpp/executor.hpp:18[m[K,
[19.487s]                  from [01m[K/opt/ros/iron/include/rclcpp/rclcpp/executors/multi_threaded_executor.hpp:25[m[K,
[19.487s]                  from [01m[K/opt/ros/iron/include/rclcpp/rclcpp/executors.hpp:21[m[K,
[19.487s]                  from [01m[K/opt/ros/iron/include/rclcpp/rclcpp/rclcpp.hpp:167[m[K,
[19.488s]                  from [01m[K/home/seds/Desktop/TERRANCE/Terrance/src/cpp_stepper_controller/src/Controller.cpp:1[m[K:
[19.488s] [01m[K/usr/include/c++/11/functional:225:34:[m[K [01;36m[Knote: [m[Kâ€˜[01m[Kstd::placeholders::_1[m[Kâ€™ declared here
[19.488s]   225 |     extern const _Placeholder<1> [01;36m[K_1[m[K;
[19.489s]       |                                  [01;36m[K^~[m[K
[19.489s] [01m[K/home/seds/Desktop/TERRANCE/Terrance/src/cpp_stepper_controller/src/Controller.cpp:7:18:[m[K [01;31m[Kerror: [m[Kparse error in template argument list
[19.490s]     7 |     sub_ = this->[01;31m[Kcreate_subscription<std_msgs::msg::String([m[K
[19.490s]       |                  [01;31m[K^~~~~~~~~~~~~~~~~~~~~~~~~~~~~~~~~~~~~~~~~~[m[K
[19.491s]     8 | [01;31m[K    "data", 10, std::bind(&controllerSubscriber::callbackFun, this, _1))[m[K;
[19.491s]       |     [01;31m[K~~~~~~~~~~~~~~~~~~~~~~~~~~~~~~~~~~~~~~~~~~~~~~~~~~~~~~~~~~~~~~~~~~~~[m[K
[19.491s] [01m[K/home/seds/Desktop/TERRANCE/Terrance/src/cpp_stepper_controller/src/Controller.cpp:9:5:[m[K [01;31m[Kerror: [m[Kexpected primary-expression before â€˜[01m[K)[m[Kâ€™ token
[19.492s]     9 |     [01;31m[K)[m[K
[19.492s]       |     [01;31m[K^[m[K
[19.492s] [01m[K/home/seds/Desktop/TERRANCE/Terrance/src/cpp_stepper_controller/src/Controller.cpp:15:3:[m[K [01;31m[Kerror: [m[Kexpected primary-expression before â€˜[01m[Kprivate[m[Kâ€™
[19.493s]    15 |   [01;31m[Kprivate[m[K:
[19.493s]       |   [01;31m[K^~~~~~~[m[K
[19.668s] [01m[K/home/seds/Desktop/TERRANCE/Terrance/src/cpp_stepper_controller/src/Controller.cpp:11:11:[m[K [01;35m[Kwarning: [m[Kunused variable â€˜[01m[Ksecond[m[Kâ€™ [[01;35m[K]8;;https://gcc.gnu.org/onlinedocs/gcc/Warning-Options.html#index-Wunused-variable-Wunused-variable]8;;[m[K]
[19.668s]    11 |     float [01;35m[Ksecond[m[K;
[19.669s]       |           [01;35m[K^~~~~~[m[K
[19.670s] [01m[K/home/seds/Desktop/TERRANCE/Terrance/src/cpp_stepper_controller/src/Controller.cpp:12:11:[m[K [01;35m[Kwarning: [m[Kunused variable â€˜[01m[Kthird[m[Kâ€™ [[01;35m[K]8;;https://gcc.gnu.org/onlinedocs/gcc/Warning-Options.html#index-Wunused-variable-Wunused-variable]8;;[m[K]
[19.670s]    12 |     float [01;35m[Kthird[m[K;
[19.671s]       |           [01;35m[K^~~~~[m[K
[19.672s] [01m[K/home/seds/Desktop/TERRANCE/Terrance/src/cpp_stepper_controller/src/Controller.cpp:13:11:[m[K [01;35m[Kwarning: [m[Kunused variable â€˜[01m[Kfourth[m[Kâ€™ [[01;35m[K]8;;https://gcc.gnu.org/onlinedocs/gcc/Warning-Options.html#index-Wunused-variable-Wunused-variable]8;;[m[K]
[19.672s]    13 |     float [01;35m[Kfourth[m[K;
[19.673s]       |           [01;35m[K^~~~~~[m[K
[19.673s] [01m[K/home/seds/Desktop/TERRANCE/Terrance/src/cpp_stepper_controller/src/Controller.cpp:[m[K At global scope:
[19.674s] [01m[K/home/seds/Desktop/TERRANCE/Terrance/src/cpp_stepper_controller/src/Controller.cpp:20:3:[m[K [01;31m[Kerror: [m[Kexpected unqualified-id at end of input
[19.674s]    20 | };
[19.675s]       |   [01;31m[K^[m[K
[22.670s] gmake[2]: *** [CMakeFiles/cpp_stepper_controller.dir/build.make:76: CMakeFiles/cpp_stepper_controller.dir/src/Controller.cpp.o] Error 1
[22.671s] gmake[1]: *** [CMakeFiles/Makefile2:137: CMakeFiles/cpp_stepper_controller.dir/all] Error 2
[22.672s] gmake: *** [Makefile:146: all] Error 2
[22.679s] Invoked command in '/home/seds/Desktop/TERRANCE/Terrance/build/cpp_stepper_controller' returned '2': CMAKE_PREFIX_PATH=${CMAKE_PREFIX_PATH}:/home/seds/Desktop/TERRANCE/Terrance/install/py_publisher:/opt/ros/iron /usr/bin/cmake --build /home/seds/Desktop/TERRANCE/Terrance/build/cpp_stepper_controller -- -j4 -l4
