[0.066s] Invoking command in '/home/seds/Desktop/TERRANCE/Terrance/build/cpp_stepper_controller': /usr/bin/cmake --build /home/seds/Desktop/TERRANCE/Terrance/build/cpp_stepper_controller -- -j4 -l4
[0.163s] -- Found rclcpp: 21.0.6 (/opt/ros/iron/share/rclcpp/cmake)
[1.073s] Traceback (most recent call last):
[1.074s]   File "/opt/ros/iron/share/ament_cmake_core/cmake/package_templates/templates_2_cmake.py", line 21, in <module>
[1.074s]     from ament_package.templates import get_environment_hook_template_path
[1.079s] ModuleNotFoundError: No module named 'ament_package'
[1.152s] [31mCMake Error at /opt/ros/iron/share/ament_cmake_core/cmake/ament_cmake_package_templates-extras.cmake:41 (message):
[1.153s]   execute_process(/usr/bin/python3.10
[1.154s]   /opt/ros/iron/share/ament_cmake_core/cmake/package_templates/templates_2_cmake.py
[1.154s]   /home/seds/Desktop/TERRANCE/Terrance/build/cpp_stepper_controller/ament_cmake_package_templates/templates.cmake)
[1.155s]   returned error code 1
[1.156s] Call Stack (most recent call first):
[1.156s]   /opt/ros/iron/share/ament_cmake_core/cmake/ament_cmake_coreConfig.cmake:41 (include)
[1.157s]   /opt/ros/iron/share/rclcpp/cmake/ament_cmake_export_include_directories-extras.cmake:8 (find_package)
[1.158s]   /opt/ros/iron/share/rclcpp/cmake/rclcppConfig.cmake:41 (include)
[1.159s]   CMakeLists.txt:13 (find_package)
[1.160s] 
[1.161s] [0m
[1.161s] -- Configuring incomplete, errors occurred!
[1.161s] See also "/home/seds/Desktop/TERRANCE/Terrance/build/cpp_stepper_controller/CMakeFiles/CMakeOutput.log".
[1.178s] gmake: *** [Makefile:294: cmake_check_build_system] Error 1
[1.552s] Invoked command in '/home/seds/Desktop/TERRANCE/Terrance/build/cpp_stepper_controller' returned '2': /usr/bin/cmake --build /home/seds/Desktop/TERRANCE/Terrance/build/cpp_stepper_controller -- -j4 -l4
