[0.087s] Invoking command in '/home/seds/Desktop/TERRANCE/Terrance/build/cpp_stepper_controller': CMAKE_PREFIX_PATH=${CMAKE_PREFIX_PATH}:/home/seds/Desktop/TERRANCE/Terrance/install/py_publisher:/opt/ros/iron /usr/bin/cmake --build /home/seds/Desktop/TERRANCE/Terrance/build/cpp_stepper_controller -- -j4 -l4
[0.206s] -- Found ament_cmake: 2.0.5 (/opt/ros/iron/share/ament_cmake/cmake)
[0.965s] -- Found rclcpp: 21.0.6 (/opt/ros/iron/share/rclcpp/cmake)
[1.152s] -- Found rosidl_generator_c: 4.0.1 (/opt/ros/iron/share/rosidl_generator_c/cmake)
[1.193s] -- Found rosidl_generator_cpp: 4.0.1 (/opt/ros/iron/share/rosidl_generator_cpp/cmake)
[1.256s] -- Using all available rosidl_typesupport_c: rosidl_typesupport_fastrtps_c;rosidl_typesupport_introspection_c
[1.329s] -- Using all available rosidl_typesupport_cpp: rosidl_typesupport_fastrtps_cpp;rosidl_typesupport_introspection_cpp
[2.000s] -- Found rmw_implementation_cmake: 7.1.0 (/opt/ros/iron/share/rmw_implementation_cmake/cmake)
[2.009s] -- Found rmw_fastrtps_cpp: 7.1.3 (/opt/ros/iron/share/rmw_fastrtps_cpp/cmake)
[3.058s] -- Using RMW implementation 'rmw_fastrtps_cpp' as default
[3.798s] -- Found rclcpp_components: 21.0.6 (/opt/ros/iron/share/rclcpp_components/cmake)
[4.165s] -- Found std_msgs: 5.0.0 (/opt/ros/iron/share/std_msgs/cmake)
[4.303s] -- Found ament_lint_auto: 0.14.3 (/opt/ros/iron/share/ament_lint_auto/cmake)
[4.668s] -- Added test 'cppcheck' to perform static code analysis on C / C++ code
[4.672s] -- Configured cppcheck include dirs: $<BUILD_INTERFACE:/home/seds/Desktop/TERRANCE/Terrance/src/cpp_stepper_controller/include>
[4.673s] -- Configured cppcheck exclude dirs and/or files: 
[4.673s] -- Added test 'lint_cmake' to check CMake code style
[4.683s] -- Added test 'uncrustify' to check C / C++ code style
[4.683s] -- Configured uncrustify additional arguments: 
[4.686s] -- Added test 'xmllint' to check XML markup files
[4.692s] -- Configuring done
[4.793s] -- Generating done
[4.807s] -- Build files have been written to: /home/seds/Desktop/TERRANCE/Terrance/build/cpp_stepper_controller
[4.945s] [35m[1mConsolidate compiler generated dependencies of target cpp_stepper_controller[0m
[5.003s] [ 20%] [32mBuilding CXX object CMakeFiles/cpp_stepper_controller.dir/src/Controller.cpp.o[0m
[5.008s] [ 40%] [32mBuilding CXX object CMakeFiles/cpp_stepper_controller.dir/src/StepperController.cpp.o[0m
[5.011s] [ 60%] [32mBuilding CXX object CMakeFiles/cpp_stepper_controller.dir/src/listener.cpp.o[0m
[5.014s] [ 80%] [32mBuilding CXX object CMakeFiles/cpp_stepper_controller.dir/src/cpp_stepper_controller.cpp.o[0m
[5.090s] [01m[K/home/seds/Desktop/TERRANCE/Terrance/src/cpp_stepper_controller/src/listener.cpp:3:10:[m[K [01;31m[Kfatal error: [m[Klistener.hpp: No such file or directory
[5.091s]     3 | #include [01;31m[K"listener.hpp"[m[K
[5.091s]       |          [01;31m[K^~~~~~~~~~~~~~[m[K
[5.092s] compilation terminated.
[5.096s] gmake[2]: *** [CMakeFiles/cpp_stepper_controller.dir/build.make:118: CMakeFiles/cpp_stepper_controller.dir/src/listener.cpp.o] Error 1
[5.097s] gmake[2]: *** Waiting for unfinished jobs....
[5.236s] [01m[K/home/seds/Desktop/TERRANCE/Terrance/src/cpp_stepper_controller/src/StepperController.cpp:[m[K In member function â€˜[01m[Kvoid StepperController::updateActivation(uint32_t)[m[Kâ€™:
[5.236s] [01m[K/home/seds/Desktop/TERRANCE/Terrance/src/cpp_stepper_controller/src/StepperController.cpp:19:21:[m[K [01;35m[Kwarning: [m[Kcomparison of integer expressions of different signedness: â€˜[01m[Kuint32_t[m[Kâ€™ {aka â€˜[01m[Kunsigned int[m[Kâ€™} and â€˜[01m[Kint[m[Kâ€™ [[01;35m[K]8;;https://gcc.gnu.org/onlinedocs/gcc/Warning-Options.html#index-Wsign-compare-Wsign-compare]8;;[m[K]
[5.237s]    19 |   if ([01;35m[Kt - period_us > previous_step[m[K)
[5.237s]       |       [01;35m[K~~~~~~~~~~~~~~^~~~~~~~~~~~~~~[m[K
[5.295s] [01m[K/home/seds/Desktop/TERRANCE/Terrance/src/cpp_stepper_controller/src/cpp_stepper_controller.cpp:[m[K In function â€˜[01m[Kint main(int, char**)[m[Kâ€™:
[5.295s] [01m[K/home/seds/Desktop/TERRANCE/Terrance/src/cpp_stepper_controller/src/cpp_stepper_controller.cpp:27:21:[m[K [01;31m[Kerror: [m[Kuse of â€˜[01m[Kcontroller[m[Kâ€™ before deduction of â€˜[01m[Kauto[m[Kâ€™
[5.296s]    27 |   auto controller = [01;31m[Kcontroller[m[K();
[5.296s]       |                     [01;31m[K^~~~~~~~~~[m[K
[5.304s] [01m[K/home/seds/Desktop/TERRANCE/Terrance/src/cpp_stepper_controller/src/cpp_stepper_controller.cpp:30:16:[m[K [01;31m[Kerror: [m[Kâ€˜[01m[KcontrollerSubscriber[m[Kâ€™ was not declared in this scope
[5.305s]    30 |   controller = [01;31m[KcontrollerSubscriber[m[K();
[5.305s]       |                [01;31m[K^~~~~~~~~~~~~~~~~~~~[m[K
[5.310s] gmake[2]: *** [CMakeFiles/cpp_stepper_controller.dir/build.make:104: CMakeFiles/cpp_stepper_controller.dir/src/cpp_stepper_controller.cpp.o] Error 1
[16.967s] [01m[K/home/seds/Desktop/TERRANCE/Terrance/src/cpp_stepper_controller/src/Controller.cpp:20:3:[m[K [01;31m[Kerror: [m[Kexpected â€˜[01m[K}[m[Kâ€™ at end of input
[16.968s]    20 | };
[16.968s]       |   [01;31m[K^[m[K
[16.969s] [01m[K/home/seds/Desktop/TERRANCE/Terrance/src/cpp_stepper_controller/src/Controller.cpp:4:50:[m[K [01;36m[Knote: [m[Kto match this â€˜[01m[K{[m[Kâ€™
[16.970s]     4 | class controllerSubscriber : public rclcpp::Node [01;36m[K{[m[K
[16.970s]       |                                                  [01;36m[K^[m[K
[16.995s] [01m[K/home/seds/Desktop/TERRANCE/Terrance/src/cpp_stepper_controller/src/Controller.cpp:[m[K In constructor â€˜[01m[KcontrollerSubscriber::controllerSubscriber()[m[Kâ€™:
[16.996s] [01m[K/home/seds/Desktop/TERRANCE/Terrance/src/cpp_stepper_controller/src/Controller.cpp:7:5:[m[K [01;31m[Kerror: [m[Kâ€˜[01m[Ksub_[m[Kâ€™ was not declared in this scope
[16.996s]     7 |     [01;31m[Ksub_[m[K = this->create_subscription<std_msgs::msg::String(
[16.997s]       |     [01;31m[K^~~~[m[K
[16.998s] [01m[K/home/seds/Desktop/TERRANCE/Terrance/src/cpp_stepper_controller/src/Controller.cpp:8:50:[m[K [01;31m[Kerror: [m[Kâ€˜[01m[KcallbackFun[m[Kâ€™ is not a member of â€˜[01m[KcontrollerSubscriber[m[Kâ€™
[16.998s]     8 |     "data", 10, std::bind(&controllerSubscriber::[01;31m[KcallbackFun[m[K, this, _1));
[16.999s]       |                                                  [01;31m[K^~~~~~~~~~~[m[K
[16.999s] [01m[K/home/seds/Desktop/TERRANCE/Terrance/src/cpp_stepper_controller/src/Controller.cpp:8:69:[m[K [01;31m[Kerror: [m[Kâ€˜[01m[K_1[m[Kâ€™ was not declared in this scope; did you mean â€˜[01m[Kstd::placeholders::_1[m[Kâ€™?
[17.000s]     8 |     "data", 10, std::bind(&controllerSubscriber::callbackFun, this, [01;31m[K_1[m[K));
[17.000s]       |                                                                     [01;31m[K^~[m[K
[17.000s]       |                                                                     [32m[Kstd::placeholders::_1[m[K
[17.001s] In file included from [01m[K/usr/include/c++/11/pstl/glue_algorithm_defs.h:13[m[K,
[17.001s]                  from [01m[K/usr/include/c++/11/algorithm:74[m[K,
[17.001s]                  from [01m[K/opt/ros/iron/include/rclcpp/rclcpp/executor.hpp:18[m[K,
[17.002s]                  from [01m[K/opt/ros/iron/include/rclcpp/rclcpp/executors/multi_threaded_executor.hpp:25[m[K,
[17.002s]                  from [01m[K/opt/ros/iron/include/rclcpp/rclcpp/executors.hpp:21[m[K,
[17.002s]                  from [01m[K/opt/ros/iron/include/rclcpp/rclcpp/rclcpp.hpp:167[m[K,
[17.003s]                  from [01m[K/home/seds/Desktop/TERRANCE/Terrance/src/cpp_stepper_controller/src/Controller.cpp:1[m[K:
[17.003s] [01m[K/usr/include/c++/11/functional:225:34:[m[K [01;36m[Knote: [m[Kâ€˜[01m[Kstd::placeholders::_1[m[Kâ€™ declared here
[17.003s]   225 |     extern const _Placeholder<1> [01;36m[K_1[m[K;
[17.004s]       |                                  [01;36m[K^~[m[K
[17.004s] [01m[K/home/seds/Desktop/TERRANCE/Terrance/src/cpp_stepper_controller/src/Controller.cpp:7:18:[m[K [01;31m[Kerror: [m[Kparse error in template argument list
[17.004s]     7 |     sub_ = this->[01;31m[Kcreate_subscription<std_msgs::msg::String([m[K
[17.005s]       |                  [01;31m[K^~~~~~~~~~~~~~~~~~~~~~~~~~~~~~~~~~~~~~~~~~[m[K
[17.005s]     8 | [01;31m[K    "data", 10, std::bind(&controllerSubscriber::callbackFun, this, _1))[m[K;
[17.006s]       |     [01;31m[K~~~~~~~~~~~~~~~~~~~~~~~~~~~~~~~~~~~~~~~~~~~~~~~~~~~~~~~~~~~~~~~~~~~~[m[K
[17.006s] [01m[K/home/seds/Desktop/TERRANCE/Terrance/src/cpp_stepper_controller/src/Controller.cpp:9:5:[m[K [01;31m[Kerror: [m[Kexpected primary-expression before â€˜[01m[K)[m[Kâ€™ token
[17.006s]     9 |     [01;31m[K)[m[K
[17.007s]       |     [01;31m[K^[m[K
[17.007s] [01m[K/home/seds/Desktop/TERRANCE/Terrance/src/cpp_stepper_controller/src/Controller.cpp:15:3:[m[K [01;31m[Kerror: [m[Kexpected primary-expression before â€˜[01m[Kprivate[m[Kâ€™
[17.007s]    15 |   [01;31m[Kprivate[m[K:
[17.008s]       |   [01;31m[K^~~~~~~[m[K
[17.183s] [01m[K/home/seds/Desktop/TERRANCE/Terrance/src/cpp_stepper_controller/src/Controller.cpp:11:11:[m[K [01;35m[Kwarning: [m[Kunused variable â€˜[01m[Ksecond[m[Kâ€™ [[01;35m[K]8;;https://gcc.gnu.org/onlinedocs/gcc/Warning-Options.html#index-Wunused-variable-Wunused-variable]8;;[m[K]
[17.184s]    11 |     float [01;35m[Ksecond[m[K;
[17.184s]       |           [01;35m[K^~~~~~[m[K
[17.185s] [01m[K/home/seds/Desktop/TERRANCE/Terrance/src/cpp_stepper_controller/src/Controller.cpp:12:11:[m[K [01;35m[Kwarning: [m[Kunused variable â€˜[01m[Kthird[m[Kâ€™ [[01;35m[K]8;;https://gcc.gnu.org/onlinedocs/gcc/Warning-Options.html#index-Wunused-variable-Wunused-variable]8;;[m[K]
[17.185s]    12 |     float [01;35m[Kthird[m[K;
[17.186s]       |           [01;35m[K^~~~~[m[K
[17.186s] [01m[K/home/seds/Desktop/TERRANCE/Terrance/src/cpp_stepper_controller/src/Controller.cpp:13:11:[m[K [01;35m[Kwarning: [m[Kunused variable â€˜[01m[Kfourth[m[Kâ€™ [[01;35m[K]8;;https://gcc.gnu.org/onlinedocs/gcc/Warning-Options.html#index-Wunused-variable-Wunused-variable]8;;[m[K]
[17.187s]    13 |     float [01;35m[Kfourth[m[K;
[17.187s]       |           [01;35m[K^~~~~~[m[K
[17.187s] [01m[K/home/seds/Desktop/TERRANCE/Terrance/src/cpp_stepper_controller/src/Controller.cpp:[m[K At global scope:
[17.188s] [01m[K/home/seds/Desktop/TERRANCE/Terrance/src/cpp_stepper_controller/src/Controller.cpp:20:3:[m[K [01;31m[Kerror: [m[Kexpected unqualified-id at end of input
[17.188s]    20 | };
[17.188s]       |   [01;31m[K^[m[K
[20.188s] gmake[2]: *** [CMakeFiles/cpp_stepper_controller.dir/build.make:76: CMakeFiles/cpp_stepper_controller.dir/src/Controller.cpp.o] Error 1
[20.189s] gmake[1]: *** [CMakeFiles/Makefile2:137: CMakeFiles/cpp_stepper_controller.dir/all] Error 2
[20.191s] gmake: *** [Makefile:146: all] Error 2
[20.198s] Invoked command in '/home/seds/Desktop/TERRANCE/Terrance/build/cpp_stepper_controller' returned '2': CMAKE_PREFIX_PATH=${CMAKE_PREFIX_PATH}:/home/seds/Desktop/TERRANCE/Terrance/install/py_publisher:/opt/ros/iron /usr/bin/cmake --build /home/seds/Desktop/TERRANCE/Terrance/build/cpp_stepper_controller -- -j4 -l4
