[0.121s] Invoking command in '/home/seds/Desktop/TERRANCE/Terrance/build/cpp_stepper_controller': /usr/bin/cmake --build /home/seds/Desktop/TERRANCE/Terrance/build/cpp_stepper_controller -- -j4 -l4
[3.533s] -- Found ament_cmake: 2.0.5 (/opt/ros/iron/share/ament_cmake/cmake)
[3.535s] -- Configuring incomplete, errors occurred!
[3.543s] See also "/home/seds/Desktop/TERRANCE/Terrance/build/cpp_stepper_controller/CMakeFiles/CMakeOutput.log".
[3.567s] Traceback (most recent call last):
[3.570s]   File "/opt/ros/iron/share/ament_cmake_core/cmake/package_templates/templates_2_cmake.py", line 21, in <module>
[3.575s]     from ament_package.templates import get_environment_hook_template_path
[3.577s] ModuleNotFoundError: No module named 'ament_package'
[3.579s] [31mCMake Error at /opt/ros/iron/share/ament_cmake_core/cmake/ament_cmake_package_templates-extras.cmake:41 (message):
[3.601s]   execute_process(/usr/bin/python3.10
[3.602s]   /opt/ros/iron/share/ament_cmake_core/cmake/package_templates/templates_2_cmake.py
[3.604s]   /home/seds/Desktop/TERRANCE/Terrance/build/cpp_stepper_controller/ament_cmake_package_templates/templates.cmake)
[3.605s]   returned error code 1
[3.606s] Call Stack (most recent call first):
[3.608s]   /opt/ros/iron/share/ament_cmake_core/cmake/ament_cmake_coreConfig.cmake:41 (include)
[3.609s]   /opt/ros/iron/share/ament_cmake/cmake/ament_cmake_export_dependencies-extras.cmake:15 (find_package)
[3.612s]   /opt/ros/iron/share/ament_cmake/cmake/ament_cmakeConfig.cmake:41 (include)
[3.620s]   CMakeLists.txt:12 (find_package)
[3.622s] 
[3.634s] [0m
[3.635s] gmake: *** [Makefile:294: cmake_check_build_system] Error 1
[3.648s] Invoked command in '/home/seds/Desktop/TERRANCE/Terrance/build/cpp_stepper_controller' returned '2': /usr/bin/cmake --build /home/seds/Desktop/TERRANCE/Terrance/build/cpp_stepper_controller -- -j4 -l4
