-- Found ament_cmake: 2.0.5 (/opt/ros/iron/share/ament_cmake/cmake)
-- Found Python3: /usr/bin/python3.10 (found version "3.10.12") found components: Interpreter 
-- Found rclcpp: 21.0.6 (/opt/ros/iron/share/rclcpp/cmake)
-- Found rosidl_generator_c: 4.0.1 (/opt/ros/iron/share/rosidl_generator_c/cmake)
-- Found rosidl_generator_cpp: 4.0.1 (/opt/ros/iron/share/rosidl_generator_cpp/cmake)
-- Using all available rosidl_typesupport_c: rosidl_typesupport_fastrtps_c;rosidl_typesupport_introspection_c
-- Using all available rosidl_typesupport_cpp: rosidl_typesupport_fastrtps_cpp;rosidl_typesupport_introspection_cpp
-- Found rmw_implementation_cmake: 7.1.0 (/opt/ros/iron/share/rmw_implementation_cmake/cmake)
-- Found rmw_fastrtps_cpp: 7.1.3 (/opt/ros/iron/share/rmw_fastrtps_cpp/cmake)
-- Found OpenSSL: /usr/lib/aarch64-linux-gnu/libcrypto.so (found version "3.0.2")  
-- Found FastRTPS: /opt/ros/iron/include  
-- Using RMW implementation 'rmw_fastrtps_cpp' as default
-- Found rclcpp_components: 21.0.6 (/opt/ros/iron/share/rclcpp_components/cmake)
-- Found std_msgs: 5.0.0 (/opt/ros/iron/share/std_msgs/cmake)
-- Found ament_lint_auto: 0.14.3 (/opt/ros/iron/share/ament_lint_auto/cmake)
-- Added test 'cppcheck' to perform static code analysis on C / C++ code
-- Configured cppcheck include dirs: $<BUILD_INTERFACE:/home/seds/Desktop/TERRANCE/Terrance/src/cpp_stepper_controller/include>
-- Configured cppcheck exclude dirs and/or files: 
-- Added test 'lint_cmake' to check CMake code style
-- Added test 'uncrustify' to check C / C++ code style
-- Configured uncrustify additional arguments: 
-- Added test 'xmllint' to check XML markup files
-- Configuring done
-- Generating done
-- Build files have been written to: /home/seds/Desktop/TERRANCE/Terrance/build/cpp_stepper_controller
[35m[1mConsolidate compiler generated dependencies of target cpp_stepper_controller[0m
[ 20%] [32mBuilding CXX object CMakeFiles/cpp_stepper_controller.dir/src/Controller.cpp.o[0m
[ 40%] [32mBuilding CXX object CMakeFiles/cpp_stepper_controller.dir/src/StepperController.cpp.o[0m
[ 60%] [32mBuilding CXX object CMakeFiles/cpp_stepper_controller.dir/src/cpp_stepper_controller.cpp.o[0m
[ 80%] [32mBuilding CXX object CMakeFiles/cpp_stepper_controller.dir/src/listener.cpp.o[0m
[01m[K/home/seds/Desktop/TERRANCE/Terrance/src/cpp_stepper_controller/src/Controller.cpp:1:10:[m[K [01;31m[Kfatal error: [m[Krclcpp/rclcpp.hpp: No such file or directory
    1 | #include [01;31m[K"rclcpp/rclcpp.hpp"[m[K
      |          [01;31m[K^~~~~~~~~~~~~~~~~~~[m[K
compilation terminated.
gmake[2]: *** [CMakeFiles/cpp_stepper_controller.dir/build.make:76: CMakeFiles/cpp_stepper_controller.dir/src/Controller.cpp.o] Error 1
gmake[2]: *** Waiting for unfinished jobs....
[01m[K/home/seds/Desktop/TERRANCE/Terrance/src/cpp_stepper_controller/src/listener.cpp:3:10:[m[K [01;31m[Kfatal error: [m[Klistener.hpp: No such file or directory
    3 | #include [01;31m[K"listener.hpp"[m[K
      |          [01;31m[K^~~~~~~~~~~~~~[m[K
compilation terminated.
gmake[2]: *** [CMakeFiles/cpp_stepper_controller.dir/build.make:118: CMakeFiles/cpp_stepper_controller.dir/src/listener.cpp.o] Error 1
In file included from [01m[K/home/seds/Desktop/TERRANCE/Terrance/src/cpp_stepper_controller/src/Controller.hpp:1[m[K,
                 from [01m[K/home/seds/Desktop/TERRANCE/Terrance/src/cpp_stepper_controller/src/cpp_stepper_controller.cpp:9[m[K:
[01m[K/home/seds/Desktop/TERRANCE/Terrance/src/cpp_stepper_controller/src/Controller.cpp:1:10:[m[K [01;31m[Kfatal error: [m[Krclcpp/rclcpp.hpp: No such file or directory
    1 | #include [01;31m[K"rclcpp/rclcpp.hpp"[m[K
      |          [01;31m[K^~~~~~~~~~~~~~~~~~~[m[K
compilation terminated.
gmake[2]: *** [CMakeFiles/cpp_stepper_controller.dir/build.make:104: CMakeFiles/cpp_stepper_controller.dir/src/cpp_stepper_controller.cpp.o] Error 1
[01m[K/home/seds/Desktop/TERRANCE/Terrance/src/cpp_stepper_controller/src/StepperController.cpp:[m[K In member function â€˜[01m[Kvoid StepperController::updateActivation(uint32_t)[m[Kâ€™:
[01m[K/home/seds/Desktop/TERRANCE/Terrance/src/cpp_stepper_controller/src/StepperController.cpp:19:21:[m[K [01;35m[Kwarning: [m[Kcomparison of integer expressions of different signedness: â€˜[01m[Kuint32_t[m[Kâ€™ {aka â€˜[01m[Kunsigned int[m[Kâ€™} and â€˜[01m[Kint[m[Kâ€™ [[01;35m[K]8;;https://gcc.gnu.org/onlinedocs/gcc/Warning-Options.html#index-Wsign-compare-Wsign-compare]8;;[m[K]
   19 |   if ([01;35m[Kt - period_us > previous_step[m[K)
      |       [01;35m[K~~~~~~~~~~~~~~^~~~~~~~~~~~~~~[m[K
gmake[1]: *** [CMakeFiles/Makefile2:137: CMakeFiles/cpp_stepper_controller.dir/all] Error 2
gmake: *** [Makefile:146: all] Error 2
