[01m[K/root/Terrance/src/cpp_stepper_controller/src/StepperController.cpp:17:6:[m[K [01;31m[Kerror: [m[Kno declaration matches â€˜[01m[Kvoid StepperController::updateActivation(int32_t)[m[Kâ€™
   17 | void [01;31m[KStepperController[m[K::updateActivation(int32_t t)
      |      [01;31m[K^~~~~~~~~~~~~~~~~[m[K
In file included from [01m[K/root/Terrance/src/cpp_stepper_controller/src/StepperController.cpp:1[m[K:
[01m[K/root/Terrance/src/cpp_stepper_controller/include/StepperController.hpp:11:10:[m[K [01;36m[Knote: [m[Kcandidate is: â€˜[01m[Kvoid StepperController::updateActivation(uint32_t)[m[Kâ€™
   11 |     void [01;36m[KupdateActivation[m[K(uint32_t time);
      |          [01;36m[K^~~~~~~~~~~~~~~~[m[K
[01m[K/root/Terrance/src/cpp_stepper_controller/include/StepperController.hpp:3:7:[m[K [01;36m[Knote: [m[Kâ€˜[01m[Kclass StepperController[m[Kâ€™ defined here
    3 | class [01;36m[KStepperController[m[K
      |       [01;36m[K^~~~~~~~~~~~~~~~~[m[K
gmake[2]: *** [CMakeFiles/cpp_stepper_controller.dir/build.make:90: CMakeFiles/cpp_stepper_controller.dir/src/StepperController.cpp.o] Error 1
gmake[2]: *** Waiting for unfinished jobs....
gmake[1]: *** [CMakeFiles/Makefile2:137: CMakeFiles/cpp_stepper_controller.dir/all] Error 2
gmake: *** [Makefile:146: all] Error 2
