[0.013s] Invoking command in '/root/Terrance/build/cpp_stepper_controller': CMAKE_PREFIX_PATH=${CMAKE_PREFIX_PATH}:/root/Terrance/install/py_publisher:/opt/ros/iron /usr/bin/cmake --build /root/Terrance/build/cpp_stepper_controller -- -j20 -l20
[0.030s] [35m[1mConsolidate compiler generated dependencies of target cpp_stepper_controller[0m
[0.038s] [ 25%] [32mBuilding CXX object CMakeFiles/cpp_stepper_controller.dir/src/StepperController.cpp.o[0m
[0.039s] [ 50%] [32mBuilding CXX object CMakeFiles/cpp_stepper_controller.dir/src/cpp_stepper_controller.cpp.o[0m
[0.050s] [01m[K/root/Terrance/src/cpp_stepper_controller/src/StepperController.cpp:17:6:[m[K [01;31m[Kerror: [m[Kno declaration matches â€˜[01m[Kvoid StepperController::updateActivation(int32_t)[m[Kâ€™
[0.050s]    17 | void [01;31m[KStepperController[m[K::updateActivation(int32_t t)
[0.050s]       |      [01;31m[K^~~~~~~~~~~~~~~~~[m[K
[0.050s] In file included from [01m[K/root/Terrance/src/cpp_stepper_controller/src/StepperController.cpp:1[m[K:
[0.050s] [01m[K/root/Terrance/src/cpp_stepper_controller/include/StepperController.hpp:11:10:[m[K [01;36m[Knote: [m[Kcandidate is: â€˜[01m[Kvoid StepperController::updateActivation(uint32_t)[m[Kâ€™
[0.050s]    11 |     void [01;36m[KupdateActivation[m[K(uint32_t time);
[0.050s]       |          [01;36m[K^~~~~~~~~~~~~~~~[m[K
[0.050s] [01m[K/root/Terrance/src/cpp_stepper_controller/include/StepperController.hpp:3:7:[m[K [01;36m[Knote: [m[Kâ€˜[01m[Kclass StepperController[m[Kâ€™ defined here
[0.050s]     3 | class [01;36m[KStepperController[m[K
[0.051s]       |       [01;36m[K^~~~~~~~~~~~~~~~~[m[K
[0.051s] gmake[2]: *** [CMakeFiles/cpp_stepper_controller.dir/build.make:90: CMakeFiles/cpp_stepper_controller.dir/src/StepperController.cpp.o] Error 1
[0.051s] gmake[2]: *** Waiting for unfinished jobs....
[4.475s] gmake[1]: *** [CMakeFiles/Makefile2:137: CMakeFiles/cpp_stepper_controller.dir/all] Error 2
[4.475s] gmake: *** [Makefile:146: all] Error 2
[4.477s] Invoked command in '/root/Terrance/build/cpp_stepper_controller' returned '2': CMAKE_PREFIX_PATH=${CMAKE_PREFIX_PATH}:/root/Terrance/install/py_publisher:/opt/ros/iron /usr/bin/cmake --build /root/Terrance/build/cpp_stepper_controller -- -j20 -l20
