[35m[1mConsolidate compiler generated dependencies of target cpp_stepper_controller[0m
[ 25%] [32mBuilding CXX object CMakeFiles/cpp_stepper_controller.dir/src/cpp_stepper_controller.cpp.o[0m
In file included from [01m[K/home/seds/Desktop/TERRANCE/Terrance/src/cpp_stepper_controller/src/cpp_stepper_controller.cpp:9[m[K:
[01m[K/home/seds/Desktop/TERRANCE/Terrance/src/cpp_stepper_controller/include/Controller.hpp:[m[K In constructor â€˜[01m[KcontrollerSubscriber::controllerSubscriber()[m[Kâ€™:
[01m[K/home/seds/Desktop/TERRANCE/Terrance/src/cpp_stepper_controller/include/Controller.hpp:7:5:[m[K [01;31m[Kerror: [m[Kâ€˜[01m[Ksub_[m[Kâ€™ was not declared in this scope
    7 |     [01;31m[Ksub_[m[K = this->create_subscription<std_msgs::msg::String(
      |     [01;31m[K^~~~[m[K
[01m[K/home/seds/Desktop/TERRANCE/Terrance/src/cpp_stepper_controller/include/Controller.hpp:8:69:[m[K [01;31m[Kerror: [m[Kâ€˜[01m[K_1[m[Kâ€™ was not declared in this scope; did you mean â€˜[01m[Kstd::placeholders::_1[m[Kâ€™?
    8 |     "data", 10, std::bind(&controllerSubscriber::callbackFun, this, [01;31m[K_1[m[K));
      |                                                                     [01;31m[K^~[m[K
      |                                                                     [32m[Kstd::placeholders::_1[m[K
In file included from [01m[K/usr/include/c++/11/pstl/glue_algorithm_defs.h:13[m[K,
                 from [01m[K/usr/include/c++/11/algorithm:74[m[K,
                 from [01m[K/opt/ros/iron/include/rclcpp/rclcpp/executor.hpp:18[m[K,
                 from [01m[K/opt/ros/iron/include/rclcpp/rclcpp/executors/multi_threaded_executor.hpp:25[m[K,
                 from [01m[K/opt/ros/iron/include/rclcpp/rclcpp/executors.hpp:21[m[K,
                 from [01m[K/opt/ros/iron/include/rclcpp/rclcpp/rclcpp.hpp:167[m[K,
                 from [01m[K/home/seds/Desktop/TERRANCE/Terrance/src/cpp_stepper_controller/include/Controller.hpp:1[m[K,
                 from [01m[K/home/seds/Desktop/TERRANCE/Terrance/src/cpp_stepper_controller/src/cpp_stepper_controller.cpp:9[m[K:
[01m[K/usr/include/c++/11/functional:225:34:[m[K [01;36m[Knote: [m[Kâ€˜[01m[Kstd::placeholders::_1[m[Kâ€™ declared here
  225 |     extern const _Placeholder<1> [01;36m[K_1[m[K;
      |                                  [01;36m[K^~[m[K
In file included from [01m[K/home/seds/Desktop/TERRANCE/Terrance/src/cpp_stepper_controller/src/cpp_stepper_controller.cpp:9[m[K:
[01m[K/home/seds/Desktop/TERRANCE/Terrance/src/cpp_stepper_controller/include/Controller.hpp:7:18:[m[K [01;31m[Kerror: [m[Kparse error in template argument list
    7 |     sub_ = this->[01;31m[Kcreate_subscription<std_msgs::msg::String([m[K
      |                  [01;31m[K^~~~~~~~~~~~~~~~~~~~~~~~~~~~~~~~~~~~~~~~~~[m[K
    8 | [01;31m[K    "data", 10, std::bind(&controllerSubscriber::callbackFun, this, _1))[m[K;
      |     [01;31m[K~~~~~~~~~~~~~~~~~~~~~~~~~~~~~~~~~~~~~~~~~~~~~~~~~~~~~~~~~~~~~~~~~~~~[m[K
[01m[K/home/seds/Desktop/TERRANCE/Terrance/src/cpp_stepper_controller/include/Controller.hpp:9:5:[m[K [01;31m[Kerror: [m[Kexpected primary-expression before â€˜[01m[K)[m[Kâ€™ token
    9 |     [01;31m[K)[m[K}
      |     [01;31m[K^[m[K
In file included from [01m[K/opt/ros/iron/include/rclcpp/rclcpp/logging.hpp:24[m[K,
                 from [01m[K/opt/ros/iron/include/rclcpp/rclcpp/client.hpp:43[m[K,
                 from [01m[K/opt/ros/iron/include/rclcpp/rclcpp/callback_group.hpp:24[m[K,
                 from [01m[K/opt/ros/iron/include/rclcpp/rclcpp/any_executable.hpp:20[m[K,
                 from [01m[K/opt/ros/iron/include/rclcpp/rclcpp/memory_strategy.hpp:25[m[K,
                 from [01m[K/opt/ros/iron/include/rclcpp/rclcpp/memory_strategies.hpp:18[m[K,
                 from [01m[K/opt/ros/iron/include/rclcpp/rclcpp/executor_options.hpp:20[m[K,
                 from [01m[K/opt/ros/iron/include/rclcpp/rclcpp/executor.hpp:37[m[K,
                 from [01m[K/opt/ros/iron/include/rclcpp/rclcpp/executors/multi_threaded_executor.hpp:25[m[K,
                 from [01m[K/opt/ros/iron/include/rclcpp/rclcpp/executors.hpp:21[m[K,
                 from [01m[K/opt/ros/iron/include/rclcpp/rclcpp/rclcpp.hpp:167[m[K,
                 from [01m[K/home/seds/Desktop/TERRANCE/Terrance/src/cpp_stepper_controller/include/Controller.hpp:1[m[K,
                 from [01m[K/home/seds/Desktop/TERRANCE/Terrance/src/cpp_stepper_controller/src/cpp_stepper_controller.cpp:9[m[K:
[01m[K/home/seds/Desktop/TERRANCE/Terrance/src/cpp_stepper_controller/include/Controller.hpp:[m[K In member function â€˜[01m[Kvoid controllerSubscriber::callbackFun(std_msgs::msg::String_<std::allocator<void> >::SharedPtr) const[m[Kâ€™:
[01m[K/home/seds/Desktop/TERRANCE/Terrance/src/cpp_stepper_controller/include/Controller.hpp:17:65:[m[K [01;31m[Kerror: [m[Kâ€˜[01m[Kc_str[m[Kâ€™ was not declared in this scope; did you mean â€˜[01m[Kwcsstr[m[Kâ€™?
   17 |       RCLCPP_INFO(this->get_logger(), "Received: %s", msg->data/[01;31m[Kc_str[m[K());
      |                                                                 [01;31m[K^~~~~[m[K
gmake[2]: *** [CMakeFiles/cpp_stepper_controller.dir/build.make:104: CMakeFiles/cpp_stepper_controller.dir/src/cpp_stepper_controller.cpp.o] Error 1
gmake[1]: *** [CMakeFiles/Makefile2:137: CMakeFiles/cpp_stepper_controller.dir/all] Error 2
gmake: *** [Makefile:146: all] Error 2
