[0.000000] (-) TimerEvent: {}
[0.001988] (cpp_stepper_controller) JobQueued: {'identifier': 'cpp_stepper_controller', 'dependencies': OrderedDict()}
[0.002658] (py_publisher) JobQueued: {'identifier': 'py_publisher', 'dependencies': OrderedDict()}
[0.003373] (cpp_stepper_controller) JobStarted: {'identifier': 'cpp_stepper_controller'}
[0.020912] (py_publisher) JobStarted: {'identifier': 'py_publisher'}
[0.050772] (cpp_stepper_controller) JobProgress: {'identifier': 'cpp_stepper_controller', 'progress': 'cmake'}
[0.053799] (cpp_stepper_controller) JobProgress: {'identifier': 'cpp_stepper_controller', 'progress': 'build'}
[0.059229] (cpp_stepper_controller) Command: {'cmd': ['/usr/bin/cmake', '--build', '/home/seds/Desktop/TERRANCE/Terrance/build/cpp_stepper_controller', '--', '-j4', '-l4'], 'cwd': '/home/seds/Desktop/TERRANCE/Terrance/build/cpp_stepper_controller', 'env': OrderedDict([('SUDO_GID', '1000'), ('MAIL', '/var/mail/root'), ('USER', 'root'), ('HOME', '/root'), ('COLORTERM', 'truecolor'), ('SUDO_UID', '1000'), ('LOGNAME', 'root'), ('TERM', 'xterm-256color'), ('PATH', '/usr/local/sbin:/usr/local/bin:/usr/sbin:/usr/bin:/sbin:/bin:/snap/bin'), ('DISPLAY', ':0'), ('LANG', 'en_US.UTF-8'), ('XDG_CURRENT_DESKTOP', 'ubuntu:GNOME'), ('XAUTHORITY', '/run/user/1000/.mutter-Xwaylandauth.W07UN2'), ('LS_COLORS', 'rs=0:di=01;34:ln=01;36:mh=00:pi=40;33:so=01;35:do=01;35:bd=40;33;01:cd=40;33;01:or=40;31;01:mi=00:su=37;41:sg=30;43:ca=30;41:tw=30;42:ow=34;42:st=37;44:ex=01;32:*.tar=01;31:*.tgz=01;31:*.arc=01;31:*.arj=01;31:*.taz=01;31:*.lha=01;31:*.lz4=01;31:*.lzh=01;31:*.lzma=01;31:*.tlz=01;31:*.txz=01;31:*.tzo=01;31:*.t7z=01;31:*.zip=01;31:*.z=01;31:*.dz=01;31:*.gz=01;31:*.lrz=01;31:*.lz=01;31:*.lzo=01;31:*.xz=01;31:*.zst=01;31:*.tzst=01;31:*.bz2=01;31:*.bz=01;31:*.tbz=01;31:*.tbz2=01;31:*.tz=01;31:*.deb=01;31:*.rpm=01;31:*.jar=01;31:*.war=01;31:*.ear=01;31:*.sar=01;31:*.rar=01;31:*.alz=01;31:*.ace=01;31:*.zoo=01;31:*.cpio=01;31:*.7z=01;31:*.rz=01;31:*.cab=01;31:*.wim=01;31:*.swm=01;31:*.dwm=01;31:*.esd=01;31:*.jpg=01;35:*.jpeg=01;35:*.mjpg=01;35:*.mjpeg=01;35:*.gif=01;35:*.bmp=01;35:*.pbm=01;35:*.pgm=01;35:*.ppm=01;35:*.tga=01;35:*.xbm=01;35:*.xpm=01;35:*.tif=01;35:*.tiff=01;35:*.png=01;35:*.svg=01;35:*.svgz=01;35:*.mng=01;35:*.pcx=01;35:*.mov=01;35:*.mpg=01;35:*.mpeg=01;35:*.m2v=01;35:*.mkv=01;35:*.webm=01;35:*.webp=01;35:*.ogm=01;35:*.mp4=01;35:*.m4v=01;35:*.mp4v=01;35:*.vob=01;35:*.qt=01;35:*.nuv=01;35:*.wmv=01;35:*.asf=01;35:*.rm=01;35:*.rmvb=01;35:*.flc=01;35:*.avi=01;35:*.fli=01;35:*.flv=01;35:*.gl=01;35:*.dl=01;35:*.xcf=01;35:*.xwd=01;35:*.yuv=01;35:*.cgm=01;35:*.emf=01;35:*.ogv=01;35:*.ogx=01;35:*.aac=00;36:*.au=00;36:*.flac=00;36:*.m4a=00;36:*.mid=00;36:*.midi=00;36:*.mka=00;36:*.mp3=00;36:*.mpc=00;36:*.ogg=00;36:*.ra=00;36:*.wav=00;36:*.oga=00;36:*.opus=00;36:*.spx=00;36:*.xspf=00;36:'), ('SUDO_COMMAND', '/usr/bin/colcon build'), ('SHELL', '/bin/bash'), ('SUDO_USER', 'seds'), ('PWD', '/home/seds/Desktop/TERRANCE/Terrance/build/cpp_stepper_controller'), ('COLCON', '1')]), 'shell': False}
[0.099174] (-) TimerEvent: {}
[0.164731] (cpp_stepper_controller) StdoutLine: {'line': b'-- Found rclcpp: 21.0.6 (/opt/ros/iron/share/rclcpp/cmake)\n'}
[0.199413] (-) TimerEvent: {}
[0.300729] (-) TimerEvent: {}
[0.403390] (-) TimerEvent: {}
[0.504414] (-) TimerEvent: {}
[0.607622] (-) TimerEvent: {}
[0.708394] (-) TimerEvent: {}
[0.809230] (-) TimerEvent: {}
[0.914245] (-) TimerEvent: {}
[1.018257] (-) TimerEvent: {}
[1.075785] (cpp_stepper_controller) StderrLine: {'line': b'Traceback (most recent call last):\n'}
[1.076904] (cpp_stepper_controller) StderrLine: {'line': b'  File "/opt/ros/iron/share/ament_cmake_core/cmake/package_templates/templates_2_cmake.py", line 21, in <module>\n'}
[1.077515] (cpp_stepper_controller) StderrLine: {'line': b'    from ament_package.templates import get_environment_hook_template_path\n'}
[1.081582] (cpp_stepper_controller) StderrLine: {'line': b"ModuleNotFoundError: No module named 'ament_package'\n"}
[1.118502] (-) TimerEvent: {}
[1.154952] (cpp_stepper_controller) StderrLine: {'line': b'\x1b[31mCMake Error at /opt/ros/iron/share/ament_cmake_core/cmake/ament_cmake_package_templates-extras.cmake:41 (message):\n'}
[1.155885] (cpp_stepper_controller) StderrLine: {'line': b'  execute_process(/usr/bin/python3.10\n'}
[1.156578] (cpp_stepper_controller) StderrLine: {'line': b'  /opt/ros/iron/share/ament_cmake_core/cmake/package_templates/templates_2_cmake.py\n'}
[1.157265] (cpp_stepper_controller) StderrLine: {'line': b'  /home/seds/Desktop/TERRANCE/Terrance/build/cpp_stepper_controller/ament_cmake_package_templates/templates.cmake)\n'}
[1.158158] (cpp_stepper_controller) StderrLine: {'line': b'  returned error code 1\n'}
[1.158838] (cpp_stepper_controller) StderrLine: {'line': b'Call Stack (most recent call first):\n'}
[1.159480] (cpp_stepper_controller) StderrLine: {'line': b'  /opt/ros/iron/share/ament_cmake_core/cmake/ament_cmake_coreConfig.cmake:41 (include)\n'}
[1.160067] (cpp_stepper_controller) StderrLine: {'line': b'  /opt/ros/iron/share/rclcpp/cmake/ament_cmake_export_include_directories-extras.cmake:8 (find_package)\n'}
[1.161108] (cpp_stepper_controller) StderrLine: {'line': b'  /opt/ros/iron/share/rclcpp/cmake/rclcppConfig.cmake:41 (include)\n'}
[1.162089] (cpp_stepper_controller) StderrLine: {'line': b'  CMakeLists.txt:13 (find_package)\n'}
[1.163214] (cpp_stepper_controller) StderrLine: {'line': b'\n'}
[1.163777] (cpp_stepper_controller) StderrLine: {'line': b'\x1b[0m\n'}
[1.164265] (cpp_stepper_controller) StdoutLine: {'line': b'-- Configuring incomplete, errors occurred!\n'}
[1.164680] (cpp_stepper_controller) StdoutLine: {'line': b'See also "/home/seds/Desktop/TERRANCE/Terrance/build/cpp_stepper_controller/CMakeFiles/CMakeOutput.log".\n'}
[1.181249] (cpp_stepper_controller) StderrLine: {'line': b'gmake: *** [Makefile:294: cmake_check_build_system] Error 1\n'}
[1.218645] (-) TimerEvent: {}
[1.319526] (-) TimerEvent: {}
[1.420326] (-) TimerEvent: {}
[1.521176] (-) TimerEvent: {}
[1.553821] (cpp_stepper_controller) CommandEnded: {'returncode': 2}
[1.621386] (-) TimerEvent: {}
[1.723217] (-) TimerEvent: {}
[1.783956] (cpp_stepper_controller) JobEnded: {'identifier': 'cpp_stepper_controller', 'rc': 2}
[1.823711] (-) TimerEvent: {}
[1.924835] (-) TimerEvent: {}
[2.025609] (-) TimerEvent: {}
[2.126414] (-) TimerEvent: {}
[2.227774] (-) TimerEvent: {}
[2.328755] (-) TimerEvent: {}
[2.429615] (-) TimerEvent: {}
[2.530766] (-) TimerEvent: {}
[2.631721] (-) TimerEvent: {}
[2.732462] (-) TimerEvent: {}
[2.833221] (-) TimerEvent: {}
[2.934437] (-) TimerEvent: {}
[3.035253] (-) TimerEvent: {}
[3.136150] (-) TimerEvent: {}
[3.233272] (py_publisher) JobEnded: {'identifier': 'py_publisher', 'rc': 'SIGINT'}
[3.236240] (-) TimerEvent: {}
[3.245390] (-) EventReactorShutdown: {}
